<?xml version="1.0" encoding="UTF-8"?>
<!-- Generated by org.testng.reporters.JUnitXMLReporter -->
<testsuite ignored="0" hostname="ATMECSINLT-601" failures="0" tests="5" name="Default test" time="42.445" errors="0" timestamp="2020-10-01T14:26:32 IST">
  <testcase classname="com.atmecs.demo_blazesite.tests.Login" name="logIn" time="0.405"/>
  <testcase classname="com.atmecs.demo_blazesite.tests.Login" name="logIn" time="0.385"/>
  <testcase classname="com.atmecs.demo_blazesite.tests.Login" name="logIn" time="0.452"/>
  <testcase classname="com.atmecs.demo_blazesite.tests.Login" name="logIn" time="0.394"/>
  <testcase classname="com.atmecs.demo_blazesite.tests.Login" name="logIn" time="0.394"/>
</testsuite> <!-- Default test -->
