<?xml version="1.0" encoding="UTF-8"?>
<!-- Generated by org.testng.reporters.JUnitXMLReporter -->
<testsuite ignored="0" hostname="ATMECSINLT-601" failures="0" tests="8" name="chrome" time="46.423" errors="0" timestamp="2020-10-05T15:43:56 IST">
  <testcase classname="com.atmecs.demo_blazesite.tests.SignIn" name="signIn" time="0.0">
    <skipped/>
  </testcase> <!-- signIn -->
  <testcase classname="com.atmecs.demo_blazesite.tests.ContactUs" name="contactUs" time="0.0">
    <skipped/>
  </testcase> <!-- contactUs -->
  <testcase classname="com.atmecs.demo_blazesite.tests.Login" name="logIn" time="0.538"/>
  <testcase classname="com.atmecs.demo_blazesite.tests.AddProduct" name="addProduct" time="4.73"/>
  <testcase classname="com.atmecs.demo_blazesite.tests.Login" name="logIn" time="0.424"/>
  <testcase classname="com.atmecs.demo_blazesite.tests.Login" name="logIn" time="0.374"/>
  <testcase classname="com.atmecs.demo_blazesite.tests.Login" name="logIn" time="0.412"/>
  <testcase classname="com.atmecs.demo_blazesite.tests.Login" name="logIn" time="0.41"/>
</testsuite> <!-- chrome -->
