<?xml version="1.0" encoding="UTF-8"?>
<!-- Generated by org.testng.reporters.JUnitXMLReporter -->
<testsuite ignored="0" hostname="ATMECSINLT-601" failures="0" tests="17" name="firefox" time="154.892" errors="0" timestamp="2020-10-05T15:46:31 IST">
  <testcase classname="com.atmecs.demo_blazesite.tests.ContactUs" name="contactUs" time="0.668"/>
  <testcase classname="com.atmecs.demo_blazesite.tests.SignIn" name="signIn" time="2.65"/>
  <testcase classname="com.atmecs.demo_blazesite.tests.Login" name="logIn" time="0.833"/>
  <testcase classname="com.atmecs.demo_blazesite.tests.AddProduct" name="addProduct" time="26.589"/>
  <testcase classname="com.atmecs.demo_blazesite.tests.ContactUs" name="contactUs" time="1.082"/>
  <testcase classname="com.atmecs.demo_blazesite.tests.SignIn" name="signIn" time="2.471"/>
  <testcase classname="com.atmecs.demo_blazesite.tests.Login" name="logIn" time="0.974"/>
  <testcase classname="com.atmecs.demo_blazesite.tests.ContactUs" name="contactUs" time="1.412"/>
  <testcase classname="com.atmecs.demo_blazesite.tests.Login" name="logIn" time="0.847"/>
  <testcase classname="com.atmecs.demo_blazesite.tests.SignIn" name="signIn" time="1.839"/>
  <testcase classname="com.atmecs.demo_blazesite.tests.ContactUs" name="contactUs" time="0.86"/>
  <testcase classname="com.atmecs.demo_blazesite.tests.Login" name="logIn" time="1.249"/>
  <testcase classname="com.atmecs.demo_blazesite.tests.SignIn" name="signIn" time="2.772"/>
  <testcase classname="com.atmecs.demo_blazesite.tests.ContactUs" name="contactUs" time="1.333"/>
  <testcase classname="com.atmecs.demo_blazesite.tests.Login" name="logIn" time="1.029"/>
  <testcase classname="com.atmecs.demo_blazesite.tests.SignIn" name="signIn" time="1.53"/>
  <testcase classname="com.atmecs.demo_blazesite.tests.ContactUs" name="contactUs" time="0.594"/>
</testsuite> <!-- firefox -->
