<?xml version="1.0" encoding="UTF-8"?>
<!-- Generated by org.testng.reporters.JUnitXMLReporter -->
<testsuite ignored="0" hostname="ATMECSINLT-601" failures="0" tests="16" name="Test" time="186.034" errors="0" timestamp="2020-09-30T18:25:36 IST">
  <testcase classname="com.atmecs.demo_blazesite.tests.AddProduct" name="addProduct" time="4.374"/>
  <testcase classname="com.atmecs.demo_blazesite.tests.ContactUs" name="contactUs" time="0.659"/>
  <testcase classname="com.atmecs.demo_blazesite.tests.ContactUs" name="contactUs" time="0.531"/>
  <testcase classname="com.atmecs.demo_blazesite.tests.ContactUs" name="contactUs" time="0.633"/>
  <testcase classname="com.atmecs.demo_blazesite.tests.ContactUs" name="contactUs" time="0.54"/>
  <testcase classname="com.atmecs.demo_blazesite.tests.ContactUs" name="contactUs" time="0.533"/>
  <testcase classname="com.atmecs.demo_blazesite.tests.SignIn" name="signIn" time="1.936"/>
  <testcase classname="com.atmecs.demo_blazesite.tests.SignIn" name="signIn" time="1.476"/>
  <testcase classname="com.atmecs.demo_blazesite.tests.SignIn" name="signIn" time="1.444"/>
  <testcase classname="com.atmecs.demo_blazesite.tests.SignIn" name="signIn" time="1.939"/>
  <testcase classname="com.atmecs.demo_blazesite.tests.SignIn" name="signIn" time="1.91"/>
  <testcase classname="com.atmecs.demo_blazesite.tests.Login" name="logIn" time="0.552"/>
  <testcase classname="com.atmecs.demo_blazesite.tests.Login" name="logIn" time="0.437"/>
  <testcase classname="com.atmecs.demo_blazesite.tests.Login" name="logIn" time="0.391"/>
  <testcase classname="com.atmecs.demo_blazesite.tests.Login" name="logIn" time="0.379"/>
  <testcase classname="com.atmecs.demo_blazesite.tests.Login" name="logIn" time="0.422"/>
</testsuite> <!-- Test -->
