<?xml version="1.0" encoding="UTF-8"?>
<!-- Generated by org.testng.reporters.JUnitXMLReporter -->
<testsuite ignored="0" hostname="ATMECSINLT-601" failures="0" tests="16" name="Test" time="188.632" errors="0" timestamp="2020-09-29T12:24:32 IST">
  <testcase classname="com.atmecs.demo_blazesite.tests.AddProduct" name="addProduct" time="5.654"/>
  <testcase classname="com.atmecs.demo_blazesite.tests.ContactUs" name="contactUs" time="0.687"/>
  <testcase classname="com.atmecs.demo_blazesite.tests.ContactUs" name="contactUs" time="0.56"/>
  <testcase classname="com.atmecs.demo_blazesite.tests.ContactUs" name="contactUs" time="0.615"/>
  <testcase classname="com.atmecs.demo_blazesite.tests.ContactUs" name="contactUs" time="0.518"/>
  <testcase classname="com.atmecs.demo_blazesite.tests.ContactUs" name="contactUs" time="0.585"/>
  <testcase classname="com.atmecs.demo_blazesite.tests.SignIn" name="signIn" time="1.955"/>
  <testcase classname="com.atmecs.demo_blazesite.tests.SignIn" name="signIn" time="1.485"/>
  <testcase classname="com.atmecs.demo_blazesite.tests.SignIn" name="signIn" time="1.926"/>
  <testcase classname="com.atmecs.demo_blazesite.tests.SignIn" name="signIn" time="1.911"/>
  <testcase classname="com.atmecs.demo_blazesite.tests.SignIn" name="signIn" time="2.011"/>
  <testcase classname="com.atmecs.demo_blazesite.tests.Login" name="logIn" time="0.475"/>
  <testcase classname="com.atmecs.demo_blazesite.tests.Login" name="logIn" time="0.48"/>
  <testcase classname="com.atmecs.demo_blazesite.tests.Login" name="logIn" time="0.469"/>
  <testcase classname="com.atmecs.demo_blazesite.tests.Login" name="logIn" time="0.405"/>
  <testcase classname="com.atmecs.demo_blazesite.tests.Login" name="logIn" time="0.454"/>
</testsuite> <!-- Test -->
