<?xml version="1.0" encoding="UTF-8"?>
<!-- Generated by org.testng.reporters.JUnitXMLReporter -->
<testsuite ignored="0" hostname="ATMECSINLT-601" failures="0" tests="17" name="test" time="184.16" errors="0" timestamp="2020-10-06T11:50:15 IST">
  <testcase classname="com.atmecs.demo_blazesite.tests.AddProduct" name="addProduct" time="7.9"/>
  <testcase classname="com.atmecs.demo_blazesite.tests.ContactUs" name="contactUs" time="0.522"/>
  <testcase classname="com.atmecs.demo_blazesite.tests.ContactUs" name="contactUs" time="0.511"/>
  <testcase classname="com.atmecs.demo_blazesite.tests.ContactUs" name="contactUs" time="0.497"/>
  <testcase classname="com.atmecs.demo_blazesite.tests.ContactUs" name="contactUs" time="0.528"/>
  <testcase classname="com.atmecs.demo_blazesite.tests.ContactUs" name="contactUs" time="0.556"/>
  <testcase classname="com.atmecs.demo_blazesite.tests.ContactUs" name="contactUs" time="0.485"/>
  <testcase classname="com.atmecs.demo_blazesite.tests.SignIn" name="signIn" time="2.024"/>
  <testcase classname="com.atmecs.demo_blazesite.tests.SignIn" name="signIn" time="1.413"/>
  <testcase classname="com.atmecs.demo_blazesite.tests.SignIn" name="signIn" time="1.893"/>
  <testcase classname="com.atmecs.demo_blazesite.tests.SignIn" name="signIn" time="1.496"/>
  <testcase classname="com.atmecs.demo_blazesite.tests.SignIn" name="signIn" time="2.045"/>
  <testcase classname="com.atmecs.demo_blazesite.tests.Login" name="logIn" time="0.424"/>
  <testcase classname="com.atmecs.demo_blazesite.tests.Login" name="logIn" time="0.382"/>
  <testcase classname="com.atmecs.demo_blazesite.tests.Login" name="logIn" time="0.376"/>
  <testcase classname="com.atmecs.demo_blazesite.tests.Login" name="logIn" time="0.388"/>
  <testcase classname="com.atmecs.demo_blazesite.tests.Login" name="logIn" time="0.485"/>
</testsuite> <!-- test -->
