<?xml version="1.0" encoding="UTF-8"?>
<!-- Generated by org.testng.reporters.JUnitXMLReporter -->
<testsuite ignored="0" hostname="ATMECSINLT-601" failures="0" tests="17" name="Test" time="180.771" errors="0" timestamp="2020-10-05T08:47:15 IST">
  <testcase classname="com.atmecs.demo_blazesite.tests.AddProduct" name="addProduct" time="5.382"/>
  <testcase classname="com.atmecs.demo_blazesite.tests.ContactUs" name="contactUs" time="0.544"/>
  <testcase classname="com.atmecs.demo_blazesite.tests.ContactUs" name="contactUs" time="0.589"/>
  <testcase classname="com.atmecs.demo_blazesite.tests.ContactUs" name="contactUs" time="0.571"/>
  <testcase classname="com.atmecs.demo_blazesite.tests.ContactUs" name="contactUs" time="0.594"/>
  <testcase classname="com.atmecs.demo_blazesite.tests.ContactUs" name="contactUs" time="0.481"/>
  <testcase classname="com.atmecs.demo_blazesite.tests.ContactUs" name="contactUs" time="0.599"/>
  <testcase classname="com.atmecs.demo_blazesite.tests.SignIn" name="signIn" time="1.929"/>
  <testcase classname="com.atmecs.demo_blazesite.tests.SignIn" name="signIn" time="1.919"/>
  <testcase classname="com.atmecs.demo_blazesite.tests.SignIn" name="signIn" time="1.91"/>
  <testcase classname="com.atmecs.demo_blazesite.tests.SignIn" name="signIn" time="1.967"/>
  <testcase classname="com.atmecs.demo_blazesite.tests.SignIn" name="signIn" time="1.447"/>
  <testcase classname="com.atmecs.demo_blazesite.tests.Login" name="logIn" time="0.423"/>
  <testcase classname="com.atmecs.demo_blazesite.tests.Login" name="logIn" time="0.389"/>
  <testcase classname="com.atmecs.demo_blazesite.tests.Login" name="logIn" time="0.462"/>
  <testcase classname="com.atmecs.demo_blazesite.tests.Login" name="logIn" time="0.386"/>
  <testcase classname="com.atmecs.demo_blazesite.tests.Login" name="logIn" time="0.447"/>
</testsuite> <!-- Test -->
