<?xml version="1.0" encoding="UTF-8"?>
<!-- Generated by org.testng.reporters.JUnitXMLReporter -->
<testsuite ignored="0" hostname="ATMECSINLT-601" failures="0" tests="17" name="test2" time="220.792" errors="0" timestamp="2020-10-08T11:14:21 IST">
  <testcase classname="com.atmecs.demo_blazesite.tests.AddProduct" name="addProduct" time="5.824"/>
  <testcase classname="com.atmecs.demo_blazesite.tests.ContactUs" name="contactUs" time="0.562"/>
  <testcase classname="com.atmecs.demo_blazesite.tests.ContactUs" name="contactUs" time="0.931"/>
  <testcase classname="com.atmecs.demo_blazesite.tests.ContactUs" name="contactUs" time="0.679"/>
  <testcase classname="com.atmecs.demo_blazesite.tests.ContactUs" name="contactUs" time="0.467"/>
  <testcase classname="com.atmecs.demo_blazesite.tests.ContactUs" name="contactUs" time="0.842"/>
  <testcase classname="com.atmecs.demo_blazesite.tests.ContactUs" name="contactUs" time="0.681"/>
  <testcase classname="com.atmecs.demo_blazesite.tests.SignIn" name="signIn" time="1.81"/>
  <testcase classname="com.atmecs.demo_blazesite.tests.SignIn" name="signIn" time="1.84"/>
  <testcase classname="com.atmecs.demo_blazesite.tests.SignIn" name="signIn" time="1.644"/>
  <testcase classname="com.atmecs.demo_blazesite.tests.SignIn" name="signIn" time="2.003"/>
  <testcase classname="com.atmecs.demo_blazesite.tests.SignIn" name="signIn" time="1.772"/>
  <testcase classname="com.atmecs.demo_blazesite.tests.Login" name="logIn" time="0.701"/>
  <testcase classname="com.atmecs.demo_blazesite.tests.Login" name="logIn" time="0.706"/>
  <testcase classname="com.atmecs.demo_blazesite.tests.Login" name="logIn" time="0.727"/>
  <testcase classname="com.atmecs.demo_blazesite.tests.Login" name="logIn" time="0.703"/>
  <testcase classname="com.atmecs.demo_blazesite.tests.Login" name="logIn" time="0.639"/>
</testsuite> <!-- test2 -->
