<?xml version="1.0" encoding="UTF-8"?>
<!-- Generated by org.testng.reporters.JUnitXMLReporter -->
<testsuite ignored="0" hostname="ATMECSINLT-601" failures="0" tests="17" name="test1" time="220.091" errors="0" timestamp="2020-10-08T11:14:21 IST">
  <testcase classname="com.atmecs.demo_blazesite.tests.AddProduct" name="addProduct" time="3.864"/>
  <testcase classname="com.atmecs.demo_blazesite.tests.ContactUs" name="contactUs" time="0.735"/>
  <testcase classname="com.atmecs.demo_blazesite.tests.ContactUs" name="contactUs" time="0.823"/>
  <testcase classname="com.atmecs.demo_blazesite.tests.ContactUs" name="contactUs" time="0.737"/>
  <testcase classname="com.atmecs.demo_blazesite.tests.ContactUs" name="contactUs" time="0.636"/>
  <testcase classname="com.atmecs.demo_blazesite.tests.ContactUs" name="contactUs" time="1.176"/>
  <testcase classname="com.atmecs.demo_blazesite.tests.ContactUs" name="contactUs" time="0.518"/>
  <testcase classname="com.atmecs.demo_blazesite.tests.SignIn" name="signIn" time="2.069"/>
  <testcase classname="com.atmecs.demo_blazesite.tests.SignIn" name="signIn" time="4.308"/>
  <testcase classname="com.atmecs.demo_blazesite.tests.SignIn" name="signIn" time="1.298"/>
  <testcase classname="com.atmecs.demo_blazesite.tests.SignIn" name="signIn" time="1.485"/>
  <testcase classname="com.atmecs.demo_blazesite.tests.SignIn" name="signIn" time="1.591"/>
  <testcase classname="com.atmecs.demo_blazesite.tests.Login" name="logIn" time="0.518"/>
  <testcase classname="com.atmecs.demo_blazesite.tests.Login" name="logIn" time="0.589"/>
  <testcase classname="com.atmecs.demo_blazesite.tests.Login" name="logIn" time="0.728"/>
  <testcase classname="com.atmecs.demo_blazesite.tests.Login" name="logIn" time="0.484"/>
  <testcase classname="com.atmecs.demo_blazesite.tests.Login" name="logIn" time="0.556"/>
</testsuite> <!-- test1 -->
