<?xml version="1.0" encoding="UTF-8"?>
<testsuite xmlns:xsi="http://www.w3.org/2001/XMLSchema-instance" xsi:noNamespaceSchemaLocation="https://maven.apache.org/surefire/maven-surefire-plugin/xsd/surefire-test-report-3.0.xsd" version="3.0" name="TestSuite" time="200.055" tests="41" errors="0" skipped="9" failures="1">
  <properties>
[...]
</properties>
  <testcase name="addProduct" classname="com.atmecs.demo_blazesite.tests.AddProduct" time="3.882">
    <system-out><![CDATA[addProduct Started!!
addProduct Started!!
]]></system-out>
    <system-err><![CDATA[Starting ChromeDriver 85.0.4183.83 (94abc2237ae0c9a4cb5f035431c8adfb94324633-refs/branch-heads/4183@{#1658}) on port 7169
Only local connections are allowed.
Please see https://chromedriver.chromium.org/security-considerations for suggestions on keeping ChromeDriver safe.
1602048716104	geckodriver	INFO	Listening on 127.0.0.1:45274
ChromeDriver was started successfully.
1602048716663	mozrunner::runner	INFO	Running command: "C:\\Program Files\\Mozilla Firefox\\firefox.exe" "--marionette" "-foreground" "-no-remote" "-profile" "C:\\Users\\ALFIN~1.ANT\\AppData\\Local\\Temp\\rust_mozprofilef59kk0"
JavaScript error: resource://gre/modules/XULStore.jsm, line 66: Error: Can't find profile directory.
console.error: SearchCache: "_readCacheFile: Error reading cache file:" (new Error("", "(unknown module)"))
Oct 07, 2020 11:01:59 AM org.openqa.selenium.remote.ProtocolHandshake createSession
INFO: Detected dialect: W3C
1602048720788	Marionette	INFO	Listening on port 50002
1602048721126	Marionette	WARN	TLS certificate errors will be ignored for this session
Oct 07, 2020 11:02:01 AM org.openqa.selenium.remote.ProtocolHandshake createSession
INFO: Detected dialect: W3C
]]></system-err>
  </testcase>
  <testcase name="addProduct" classname="com.atmecs.demo_blazesite.tests.AddProduct" time="4.126">
    <system-out><![CDATA[addProduct Passed!!
]]></system-out>
  </testcase>
  <testcase name="contactUs[abc@gmail.com, abc, Good One](1)" classname="com.atmecs.demo_blazesite.tests.ContactUs" time="0.628">
    <system-out><![CDATA[addProduct Passed!!
contactUs Started!!
contactUs Started!!
]]></system-out>
    <system-err><![CDATA[1602048732408	Marionette	INFO	Stopped listening on port 50002
JavaScript error: resource:///modules/FaviconLoader.jsm, line 568: InvalidStateError: An attempt was made to use an object that is not, or is no longer, usable

###!!! [Child][RunMessage] Error: Channel closing: too late to send/recv, messages will be lost


###!!! [Child][MessageChannel::SendAndWait] Error: Channel error: cannot send/recv

Starting ChromeDriver 85.0.4183.83 (94abc2237ae0c9a4cb5f035431c8adfb94324633-refs/branch-heads/4183@{#1658}) on port 13099
Only local connections are allowed.
Please see https://chromedriver.chromium.org/security-considerations for suggestions on keeping ChromeDriver safe.
ChromeDriver was started successfully.
1602048737211	geckodriver	INFO	Listening on 127.0.0.1:31499
1602048737616	mozrunner::runner	INFO	Running command: "C:\\Program Files\\Mozilla Firefox\\firefox.exe" "--marionette" "-foreground" "-no-remote" "-profile" "C:\\Users\\ALFIN~1.ANT\\AppData\\Local\\Temp\\rust_mozprofileeQ3Dzy"
JavaScript error: resource://gre/modules/XULStore.jsm, line 66: Error: Can't find profile directory.
console.error: SearchCache: "_readCacheFile: Error reading cache file:" (new Error("", "(unknown module)"))
Oct 07, 2020 11:02:20 AM org.openqa.selenium.remote.ProtocolHandshake createSession
INFO: Detected dialect: W3C
1602048741394	Marionette	INFO	Listening on port 50068
1602048741756	Marionette	WARN	TLS certificate errors will be ignored for this session
Oct 07, 2020 11:02:21 AM org.openqa.selenium.remote.ProtocolHandshake createSession
INFO: Detected dialect: W3C
]]></system-err>
  </testcase>
  <testcase name="contactUs[abc@gmail.com, abc, Good One](1)" classname="com.atmecs.demo_blazesite.tests.ContactUs" time="0.871">
    <system-out><![CDATA[contactUs Passed!!
]]></system-out>
  </testcase>
  <testcase name="contactUs[def@gmail.com, abc, Good One](2)" classname="com.atmecs.demo_blazesite.tests.ContactUs" time="0.346">
    <system-out><![CDATA[contactUs Passed!!
contactUs Started!!
contactUs Started!!
]]></system-out>
    <system-err><![CDATA[1602048746075	Marionette	INFO	Stopped listening on port 50068
IPDL protocol error: Handler returned error code!

###!!! [Parent][DispatchAsyncMessage] Error: PLayerTransaction::Msg_ReleaseLayer Processing error: message was deserialized, but the handler returned false (indicating failure)

JavaScript error: chrome://marionette/content/proxy.js, line 287: NS_ERROR_NOT_INITIALIZED: 

###!!! [Child][RunMessage] Error: Channel closing: too late to send/recv, messages will be lost


###!!! [Child][MessageChannel::SendAndWait] Error: Channel error: cannot send/recv

Starting ChromeDriver 85.0.4183.83 (94abc2237ae0c9a4cb5f035431c8adfb94324633-refs/branch-heads/4183@{#1658}) on port 6216
Only local connections are allowed.
Please see https://chromedriver.chromium.org/security-considerations for suggestions on keeping ChromeDriver safe.
ChromeDriver was started successfully.
1602048749381	geckodriver	INFO	Listening on 127.0.0.1:45117
1602048749909	mozrunner::runner	INFO	Running command: "C:\\Program Files\\Mozilla Firefox\\firefox.exe" "--marionette" "-foreground" "-no-remote" "-profile" "C:\\Users\\ALFIN~1.ANT\\AppData\\Local\\Temp\\rust_mozprofileEsCQXG"
JavaScript error: resource://gre/modules/XULStore.jsm, line 66: Error: Can't find profile directory.
Oct 07, 2020 11:02:32 AM org.openqa.selenium.remote.ProtocolHandshake createSession
INFO: Detected dialect: W3C
console.error: SearchCache: "_readCacheFile: Error reading cache file:" (new Error("", "(unknown module)"))
1602048754095	Marionette	INFO	Listening on port 50131
1602048754193	Marionette	WARN	TLS certificate errors will be ignored for this session
Oct 07, 2020 11:02:34 AM org.openqa.selenium.remote.ProtocolHandshake createSession
INFO: Detected dialect: W3C
[Parent 21852, Gecko_IOThread] WARNING: file /builds/worker/checkouts/gecko/ipc/chromium/src/base/process_util_win.cc, line 166
]]></system-err>
  </testcase>
  <testcase name="contactUs[def@gmail.com, abc, Good One](2)" classname="com.atmecs.demo_blazesite.tests.ContactUs" time="0.889">
    <system-out><![CDATA[contactUs Passed!!
]]></system-out>
  </testcase>
  <testcase name="contactUs[abc@gmail.com, abc, Good One](3)" classname="com.atmecs.demo_blazesite.tests.ContactUs" time="0.631">
    <system-out><![CDATA[contactUs Passed!!
contactUs Started!!
]]></system-out>
    <system-err><![CDATA[1602048758212	Marionette	INFO	Stopped listening on port 50131

###!!! [Child][MessageChannel::SendAndWait] Error: Channel error: cannot send/recv

Starting ChromeDriver 85.0.4183.83 (94abc2237ae0c9a4cb5f035431c8adfb94324633-refs/branch-heads/4183@{#1658}) on port 28333
Only local connections are allowed.
Please see https://chromedriver.chromium.org/security-considerations for suggestions on keeping ChromeDriver safe.
ChromeDriver was started successfully.
1602048761665	geckodriver	INFO	Listening on 127.0.0.1:14930
1602048762229	mozrunner::runner	INFO	Running command: "C:\\Program Files\\Mozilla Firefox\\firefox.exe" "--marionette" "-foreground" "-no-remote" "-profile" "C:\\Users\\ALFIN~1.ANT\\AppData\\Local\\Temp\\rust_mozprofilefLrJw5"
JavaScript error: resource://gre/modules/XULStore.jsm, line 66: Error: Can't find profile directory.
console.error: SearchCache: "_readCacheFile: Error reading cache file:" (new Error("", "(unknown module)"))
Oct 07, 2020 11:02:44 AM org.openqa.selenium.remote.ProtocolHandshake createSession
INFO: Detected dialect: W3C
1602048766020	Marionette	INFO	Listening on port 50203
1602048766409	Marionette	WARN	TLS certificate errors will be ignored for this session
Oct 07, 2020 11:02:46 AM org.openqa.selenium.remote.ProtocolHandshake createSession
INFO: Detected dialect: W3C
]]></system-err>
  </testcase>
  <testcase name="contactUs[abc@gmail.com, abc, Good One](3)" classname="com.atmecs.demo_blazesite.tests.ContactUs" time="0.624">
    <system-out><![CDATA[contactUs Passed!!
contactUs Started!!
]]></system-out>
    <system-err><![CDATA[1602048769320	Marionette	INFO	Stopped listening on port 50203
JavaScript error: chrome://marionette/content/proxy.js, line 287: NS_ERROR_NOT_INITIALIZED: 
]]></system-err>
  </testcase>
  <testcase name="contactUs[def@gmail.com, abc, Good One](4)" classname="com.atmecs.demo_blazesite.tests.ContactUs" time="0.661">
    <system-out><![CDATA[contactUs Passed!!
contactUs Started!!
]]></system-out>
    <system-err><![CDATA[
###!!! [Child][RunMessage] Error: Channel closing: too late to send/recv, messages will be lost


###!!! [Child][MessageChannel::SendAndWait] Error: Channel error: cannot send/recv

1602048772242	geckodriver	INFO	Listening on 127.0.0.1:13884
1602048772716	mozrunner::runner	INFO	Running command: "C:\\Program Files\\Mozilla Firefox\\firefox.exe" "--marionette" "-foreground" "-no-remote" "-profile" "C:\\Users\\ALFIN~1.ANT\\AppData\\Local\\Temp\\rust_mozprofile7NVYDv"
JavaScript error: resource://gre/modules/XULStore.jsm, line 66: Error: Can't find profile directory.
console.error: SearchCache: "_readCacheFile: Error reading cache file:" (new Error("", "(unknown module)"))
Starting ChromeDriver 85.0.4183.83 (94abc2237ae0c9a4cb5f035431c8adfb94324633-refs/branch-heads/4183@{#1658}) on port 24021
Only local connections are allowed.
Please see https://chromedriver.chromium.org/security-considerations for suggestions on keeping ChromeDriver safe.
ChromeDriver was started successfully.
1602048775722	Marionette	INFO	Listening on port 50275
1602048775867	Marionette	WARN	TLS certificate errors will be ignored for this session
Oct 07, 2020 11:02:55 AM org.openqa.selenium.remote.ProtocolHandshake createSession
INFO: Detected dialect: W3C
Oct 07, 2020 11:02:58 AM org.openqa.selenium.remote.ProtocolHandshake createSession
INFO: Detected dialect: W3C
]]></system-err>
  </testcase>
  <testcase name="contactUs[def@gmail.com, abc, Good One](4)" classname="com.atmecs.demo_blazesite.tests.ContactUs" time="0.487">
    <system-out><![CDATA[contactUs Passed!!
contactUs Started!!
]]></system-out>
    <system-err><![CDATA[1602048778804	Marionette	INFO	Stopped listening on port 50275
JavaScript error: chrome://marionette/content/proxy.js, line 287: NS_ERROR_NOT_INITIALIZED: 
JavaScript error: resource://gre/modules/UrlClassifierListManager.jsm, line 691: TypeError: this.tablesData[table] is undefined
console.error: services.settings: 
  main/whats-new-panel Signature failed  TypeError: NetworkError when attempting to fetch resource.

###!!! [Child][RunMessage] Error: Channel closing: too late to send/recv, messages will be lost


###!!! [Child][RunMessage] Error: Channel closing: too late to send/recv, messages will be lost


###!!! [Child][MessageChannel::SendAndWait] Error: Channel error: cannot send/recv

1602048781006	geckodriver	INFO	Listening on 127.0.0.1:40701
1602048781473	mozrunner::runner	INFO	Running command: "C:\\Program Files\\Mozilla Firefox\\firefox.exe" "--marionette" "-foreground" "-no-remote" "-profile" "C:\\Users\\ALFIN~1.ANT\\AppData\\Local\\Temp\\rust_mozprofileqaWKA4"
]]></system-err>
  </testcase>
  <testcase name="contactUs[abc@gmail.com, abc, Good One](5)" classname="com.atmecs.demo_blazesite.tests.ContactUs" time="0.716">
    <system-out><![CDATA[contactUs Passed!!
contactUs Started!!
]]></system-out>
    <system-err><![CDATA[Starting ChromeDriver 85.0.4183.83 (94abc2237ae0c9a4cb5f035431c8adfb94324633-refs/branch-heads/4183@{#1658}) on port 42847
Only local connections are allowed.
Please see https://chromedriver.chromium.org/security-considerations for suggestions on keeping ChromeDriver safe.
ChromeDriver was started successfully.
JavaScript error: resource://gre/modules/XULStore.jsm, line 66: Error: Can't find profile directory.
console.error: SearchCache: "_readCacheFile: Error reading cache file:" (new Error("", "(unknown module)"))
1602048789542	Marionette	INFO	Listening on port 50339
1602048789816	Marionette	WARN	TLS certificate errors will be ignored for this session
Oct 07, 2020 11:03:10 AM org.openqa.selenium.remote.ProtocolHandshake createSession
INFO: Detected dialect: W3C
Oct 07, 2020 11:03:10 AM org.openqa.selenium.remote.ProtocolHandshake createSession
INFO: Detected dialect: W3C
]]></system-err>
  </testcase>
  <testcase name="contactUs[abc@gmail.com, abc, Good One](5)" classname="com.atmecs.demo_blazesite.tests.ContactUs" time="0.577">
    <system-out><![CDATA[contactUs Passed!!
contactUs Started!!
]]></system-out>
    <system-err><![CDATA[1602048792933	Marionette	INFO	Stopped listening on port 50339
console.warn: services.settings: main/whats-new-panel sync interrupted by shutdown
JavaScript error: chrome://marionette/content/proxy.js, line 287: NS_ERROR_NOT_INITIALIZED: 
[Parent 18292, Gecko_IOThread] WARNING: file /builds/worker/checkouts/gecko/ipc/chromium/src/base/process_util_win.cc, line 166

###!!! [Child][MessageChannel::SendAndWait] Error: Channel error: cannot send/recv

1602048795444	geckodriver	INFO	Listening on 127.0.0.1:18058
]]></system-err>
  </testcase>
  <testcase name="contactUs[def@gmail.com, abc, Good One](6)" classname="com.atmecs.demo_blazesite.tests.ContactUs" time="0.268">
    <system-out><![CDATA[contactUs Passed!!
contactUs Started!!
contactUs Started!!
]]></system-out>
    <system-err><![CDATA[Starting ChromeDriver 85.0.4183.83 (94abc2237ae0c9a4cb5f035431c8adfb94324633-refs/branch-heads/4183@{#1658}) on port 47776
Only local connections are allowed.
Please see https://chromedriver.chromium.org/security-considerations for suggestions on keeping ChromeDriver safe.
1602048796126	mozrunner::runner	INFO	Running command: "C:\\Program Files\\Mozilla Firefox\\firefox.exe" "--marionette" "-foreground" "-no-remote" "-profile" "C:\\Users\\ALFIN~1.ANT\\AppData\\Local\\Temp\\rust_mozprofiletR7rfj"
ChromeDriver was started successfully.
JavaScript error: resource://gre/modules/XULStore.jsm, line 66: Error: Can't find profile directory.
console.error: SearchCache: "_readCacheFile: Error reading cache file:" (new Error("", "(unknown module)"))
Oct 07, 2020 11:03:19 AM org.openqa.selenium.remote.ProtocolHandshake createSession
INFO: Detected dialect: W3C
1602048800358	Marionette	INFO	Listening on port 50420
1602048800371	Marionette	WARN	TLS certificate errors will be ignored for this session
Oct 07, 2020 11:03:20 AM org.openqa.selenium.remote.ProtocolHandshake createSession
INFO: Detected dialect: W3C
]]></system-err>
  </testcase>
  <testcase name="contactUs[def@gmail.com, abc, Good One](6)" classname="com.atmecs.demo_blazesite.tests.ContactUs" time="0.709">
    <system-out><![CDATA[contactUs Passed!!
]]></system-out>
    <system-err><![CDATA[1602048803385	Marionette	INFO	Stopped listening on port 50420
console.error: services.settings: 
  main/whats-new-panel Signature failed  TypeError: NetworkError when attempting to fetch resource.
]]></system-err>
  </testcase>
  <testcase name="signIn[dev, Dev@12](1)" classname="com.atmecs.demo_blazesite.tests.SignIn" time="0.644">
    <system-out><![CDATA[contactUs Passed!!
signIn Started!!
signIn Started!!
]]></system-out>
    <system-err><![CDATA[
###!!! [Child][MessageChannel::SendAndWait] Error: Channel error: cannot send/recv

Starting ChromeDriver 85.0.4183.83 (94abc2237ae0c9a4cb5f035431c8adfb94324633-refs/branch-heads/4183@{#1658}) on port 11666
Only local connections are allowed.
Please see https://chromedriver.chromium.org/security-considerations for suggestions on keeping ChromeDriver safe.
ChromeDriver was started successfully.
1602048806927	geckodriver	INFO	Listening on 127.0.0.1:39483
1602048807045	mozrunner::runner	INFO	Running command: "C:\\Program Files\\Mozilla Firefox\\firefox.exe" "--marionette" "-foreground" "-no-remote" "-profile" "C:\\Users\\ALFIN~1.ANT\\AppData\\Local\\Temp\\rust_mozprofileeZusy1"
Oct 07, 2020 11:03:28 AM org.openqa.selenium.remote.ProtocolHandshake createSession
INFO: Detected dialect: W3C
JavaScript error: resource://gre/modules/XULStore.jsm, line 66: Error: Can't find profile directory.
console.error: SearchCache: "_readCacheFile: Error reading cache file:" (new Error("", "(unknown module)"))
1602048810456	Marionette	INFO	Listening on port 50491
1602048810779	Marionette	WARN	TLS certificate errors will be ignored for this session
Oct 07, 2020 11:03:30 AM org.openqa.selenium.remote.ProtocolHandshake createSession
INFO: Detected dialect: W3C
]]></system-err>
  </testcase>
  <testcase name="signIn[dev, Dev@12](1)" classname="com.atmecs.demo_blazesite.tests.SignIn" time="1.801">
    <system-out><![CDATA[signIn Passed!!
]]></system-out>
    <system-err><![CDATA[Starting ChromeDriver 85.0.4183.83 (94abc2237ae0c9a4cb5f035431c8adfb94324633-refs/branch-heads/4183@{#1658}) on port 20787
Only local connections are allowed.
Please see https://chromedriver.chromium.org/security-considerations for suggestions on keeping ChromeDriver safe.
ChromeDriver was started successfully.
]]></system-err>
  </testcase>
  <testcase name="signIn[swg, swg@11](2)" classname="com.atmecs.demo_blazesite.tests.SignIn" time="0.076">
    <system-out><![CDATA[signIn Passed!!
signIn Started!!
signIn Started!!
]]></system-out>
    <system-err><![CDATA[1602048815019	Marionette	INFO	Stopped listening on port 50491
console.error: services.settings: 
  main/whats-new-panel Signature failed  TypeError: NetworkError when attempting to fetch resource.

###!!! [Child][RunMessage] Error: Channel closing: too late to send/recv, messages will be lost


###!!! [Child][MessageChannel::SendAndWait] Error: Channel error: cannot send/recv

1602048818065	geckodriver	INFO	Listening on 127.0.0.1:16230
1602048818156	mozrunner::runner	INFO	Running command: "C:\\Program Files\\Mozilla Firefox\\firefox.exe" "--marionette" "-foreground" "-no-remote" "-profile" "C:\\Users\\ALFIN~1.ANT\\AppData\\Local\\Temp\\rust_mozprofileZEZxOK"
Oct 07, 2020 11:03:38 AM org.openqa.selenium.remote.ProtocolHandshake createSession
INFO: Detected dialect: W3C
JavaScript error: resource://gre/modules/XULStore.jsm, line 66: Error: Can't find profile directory.
console.error: SearchCache: "_readCacheFile: Error reading cache file:" (new Error("", "(unknown module)"))
1602048821736	Marionette	INFO	Listening on port 50555
1602048821786	Marionette	WARN	TLS certificate errors will be ignored for this session
Oct 07, 2020 11:03:41 AM org.openqa.selenium.remote.ProtocolHandshake createSession
INFO: Detected dialect: W3C
]]></system-err>
  </testcase>
  <testcase name="signIn[swg, swg@11](2)" classname="com.atmecs.demo_blazesite.tests.SignIn" time="2.325">
    <system-out><![CDATA[signIn Passed!!
]]></system-out>
    <system-err><![CDATA[Starting ChromeDriver 85.0.4183.83 (94abc2237ae0c9a4cb5f035431c8adfb94324633-refs/branch-heads/4183@{#1658}) on port 10828
Only local connections are allowed.
Please see https://chromedriver.chromium.org/security-considerations for suggestions on keeping ChromeDriver safe.
ChromeDriver was started successfully.
]]></system-err>
  </testcase>
  <testcase name="signIn[dev, Dev@13](3)" classname="com.atmecs.demo_blazesite.tests.SignIn" time="1.554">
    <system-out><![CDATA[signIn Passed!!
signIn Started!!
]]></system-out>
    <system-err><![CDATA[1602048826375	Marionette	INFO	Stopped listening on port 50555

###!!! [Child][RunMessage] Error: Channel closing: too late to send/recv, messages will be lost

JavaScript error: resource://gre/modules/UrlClassifierListManager.jsm, line 691: TypeError: this.tablesData[table] is undefined

###!!! [Child][RunMessage] Error: Channel closing: too late to send/recv, messages will be lost


###!!! [Child][MessageChannel::SendAndWait] Error: Channel error: cannot send/recv

Oct 07, 2020 11:03:48 AM org.openqa.selenium.remote.ProtocolHandshake createSession
INFO: Detected dialect: W3C
1602048828721	geckodriver	INFO	Listening on 127.0.0.1:3342
1602048829159	mozrunner::runner	INFO	Running command: "C:\\Program Files\\Mozilla Firefox\\firefox.exe" "--marionette" "-foreground" "-no-remote" "-profile" "C:\\Users\\ALFIN~1.ANT\\AppData\\Local\\Temp\\rust_mozprofileUqPF72"
JavaScript error: resource://gre/modules/XULStore.jsm, line 66: Error: Can't find profile directory.
console.error: SearchCache: "_readCacheFile: Error reading cache file:" (new Error("", "(unknown module)"))
1602048832765	Marionette	INFO	Listening on port 50613
1602048832800	Marionette	WARN	TLS certificate errors will be ignored for this session
Oct 07, 2020 11:03:53 AM org.openqa.selenium.remote.ProtocolHandshake createSession
INFO: Detected dialect: W3C
]]></system-err>
  </testcase>
  <testcase name="signIn[dev, Dev@13](3)" classname="com.atmecs.demo_blazesite.tests.SignIn" time="1.988">
    <system-out><![CDATA[signIn Passed!!
signIn Started!!
]]></system-out>
    <system-err><![CDATA[Starting ChromeDriver 85.0.4183.83 (94abc2237ae0c9a4cb5f035431c8adfb94324633-refs/branch-heads/4183@{#1658}) on port 8346
Only local connections are allowed.
Please see https://chromedriver.chromium.org/security-considerations for suggestions on keeping ChromeDriver safe.
ChromeDriver was started successfully.
]]></system-err>
  </testcase>
  <testcase name="signIn[swg, swg@12](4)" classname="com.atmecs.demo_blazesite.tests.SignIn" time="1.471">
    <system-out><![CDATA[signIn Passed!!
signIn Started!!
]]></system-out>
    <system-err><![CDATA[1602048837261	Marionette	INFO	Stopped listening on port 50613
Oct 07, 2020 11:03:57 AM org.openqa.selenium.remote.ProtocolHandshake createSession
INFO: Detected dialect: W3C

###!!! [Child][RunMessage] Error: Channel closing: too late to send/recv, messages will be lost

[Parent 23352, Gecko_IOThread] WARNING: pipe error: 232: file /builds/worker/checkouts/gecko/ipc/chromium/src/chrome/common/ipc_channel_win.cc, line 545

###!!! [Child][MessageChannel::SendAndWait] Error: Channel error: cannot send/recv

1602048839790	geckodriver	INFO	Listening on 127.0.0.1:1199
1602048840246	mozrunner::runner	INFO	Running command: "C:\\Program Files\\Mozilla Firefox\\firefox.exe" "--marionette" "-foreground" "-no-remote" "-profile" "C:\\Users\\ALFIN~1.ANT\\AppData\\Local\\Temp\\rust_mozprofileQytyRo"
JavaScript error: resource://gre/modules/XULStore.jsm, line 66: Error: Can't find profile directory.
console.error: SearchCache: "_readCacheFile: Error reading cache file:" (new Error("", "(unknown module)"))
]]></system-err>
  </testcase>
  <testcase name="signIn[swg, swg@12](4)" classname="com.atmecs.demo_blazesite.tests.SignIn" time="2.256">
    <system-out><![CDATA[signIn Passed!!
signIn Started!!
]]></system-out>
    <system-err><![CDATA[1602048843625	Marionette	INFO	Listening on port 50677
1602048844080	Marionette	WARN	TLS certificate errors will be ignored for this session
Oct 07, 2020 11:04:04 AM org.openqa.selenium.remote.ProtocolHandshake createSession
INFO: Detected dialect: W3C
Starting ChromeDriver 85.0.4183.83 (94abc2237ae0c9a4cb5f035431c8adfb94324633-refs/branch-heads/4183@{#1658}) on port 4031
Only local connections are allowed.
Please see https://chromedriver.chromium.org/security-considerations for suggestions on keeping ChromeDriver safe.
ChromeDriver was started successfully.
Oct 07, 2020 11:04:08 AM org.openqa.selenium.remote.ProtocolHandshake createSession
INFO: Detected dialect: W3C
]]></system-err>
  </testcase>
  <testcase name="signIn[dev, Dev@14](5)" classname="com.atmecs.demo_blazesite.tests.SignIn" time="1.502">
    <system-out><![CDATA[signIn Passed!!
signIn Started!!
]]></system-out>
    <system-err><![CDATA[1602048849151	Marionette	INFO	Stopped listening on port 50677

###!!! [Child][RunMessage] Error: Channel closing: too late to send/recv, messages will be lost


###!!! [Child][MessageChannel::SendAndWait] Error: Channel error: cannot send/recv

1602048851735	geckodriver	INFO	Listening on 127.0.0.1:13817
1602048852188	mozrunner::runner	INFO	Running command: "C:\\Program Files\\Mozilla Firefox\\firefox.exe" "--marionette" "-foreground" "-no-remote" "-profile" "C:\\Users\\ALFIN~1.ANT\\AppData\\Local\\Temp\\rust_mozprofilenS5pbv"
]]></system-err>
  </testcase>
  <testcase name="signIn[dev, Dev@14](5)" classname="com.atmecs.demo_blazesite.tests.SignIn" time="1.635">
    <system-out><![CDATA[signIn Passed!!
signIn Started!!
]]></system-out>
    <system-err><![CDATA[Starting ChromeDriver 85.0.4183.83 (94abc2237ae0c9a4cb5f035431c8adfb94324633-refs/branch-heads/4183@{#1658}) on port 37448
Only local connections are allowed.
Please see https://chromedriver.chromium.org/security-considerations for suggestions on keeping ChromeDriver safe.
ChromeDriver was started successfully.
JavaScript error: resource://gre/modules/XULStore.jsm, line 66: Error: Can't find profile directory.
console.error: SearchCache: "_readCacheFile: Error reading cache file:" (new Error("", "(unknown module)"))
1602048855889	Marionette	INFO	Listening on port 50741
1602048856332	Marionette	WARN	TLS certificate errors will be ignored for this session
Oct 07, 2020 11:04:16 AM org.openqa.selenium.remote.ProtocolHandshake createSession
INFO: Detected dialect: W3C
Oct 07, 2020 11:04:17 AM org.openqa.selenium.remote.ProtocolHandshake createSession
INFO: Detected dialect: W3C
]]></system-err>
  </testcase>
  <testcase name="logIn[dev, Dev@12](1)" classname="com.atmecs.demo_blazesite.tests.Login" time="0.419">
    <system-out><![CDATA[signIn Passed!!
logIn Started!!
11:04:22.687 [TestNG-tests-1] FATAL com.atmecs.demo_blazesite.tests.Login - You need to cond&amp#12;igure log4j
11:04:22.693 [TestNG-tests-1] ERROR com.atmecs.demo_blazesite.tests.Login - Dev@12
]]></system-out>
    <system-err><![CDATA[1602048860571	Marionette	INFO	Stopped listening on port 50741

###!!! [Child][RunMessage] Error: Channel closing: too late to send/recv, messages will be lost


###!!! [Child][MessageChannel::SendAndWait] Error: Channel error: cannot send/recv

]]></system-err>
  </testcase>
  <testcase name="logIn[dev, Dev@12](1)" classname="com.atmecs.demo_blazesite.tests.Login" time="0.659">
    <system-out><![CDATA[logIn Passed!!
logIn Started!!
11:04:31.577 [TestNG-tests-2] FATAL com.atmecs.demo_blazesite.tests.Login - You need to cond&amp#12;igure log4j
11:04:31.578 [TestNG-tests-2] ERROR com.atmecs.demo_blazesite.tests.Login - Dev@12
logIn Started!!
11:04:31.715 [TestNG-tests-1] FATAL com.atmecs.demo_blazesite.tests.Login - You need to cond&amp#12;igure log4j
11:04:31.715 [TestNG-tests-1] ERROR com.atmecs.demo_blazesite.tests.Login - swg@11
]]></system-out>
    <system-err><![CDATA[Starting ChromeDriver 85.0.4183.83 (94abc2237ae0c9a4cb5f035431c8adfb94324633-refs/branch-heads/4183@{#1658}) on port 20010
Only local connections are allowed.
Please see https://chromedriver.chromium.org/security-considerations for suggestions on keeping ChromeDriver safe.
ChromeDriver was started successfully.
1602048864125	geckodriver	INFO	Listening on 127.0.0.1:43898
1602048864342	mozrunner::runner	INFO	Running command: "C:\\Program Files\\Mozilla Firefox\\firefox.exe" "--marionette" "-foreground" "-no-remote" "-profile" "C:\\Users\\ALFIN~1.ANT\\AppData\\Local\\Temp\\rust_mozprofilePmhHIo"
JavaScript error: resource://gre/modules/XULStore.jsm, line 66: Error: Can't find profile directory.
console.error: SearchCache: "_readCacheFile: Error reading cache file:" (new Error("", "(unknown module)"))
Oct 07, 2020 11:04:26 AM org.openqa.selenium.remote.ProtocolHandshake createSession
INFO: Detected dialect: W3C
1602048867637	Marionette	INFO	Listening on port 50802
1602048867978	Marionette	WARN	TLS certificate errors will be ignored for this session
Oct 07, 2020 11:04:28 AM org.openqa.selenium.remote.ProtocolHandshake createSession
INFO: Detected dialect: W3C
]]></system-err>
  </testcase>
  <testcase name="logIn[swg, swg@11](2)" classname="com.atmecs.demo_blazesite.tests.Login" time="0.703">
    <system-out><![CDATA[logIn Passed!!
]]></system-out>
    <system-err><![CDATA[1602048872380	Marionette	INFO	Stopped listening on port 50802
]]></system-err>
  </testcase>
  <testcase name="logIn[swg, swg@11](2)" classname="com.atmecs.demo_blazesite.tests.Login" time="0.701">
    <system-out><![CDATA[logIn Started!!
11:04:42.483 [TestNG-tests-2] FATAL com.atmecs.demo_blazesite.tests.Login - You need to cond&amp#12;igure log4j
11:04:42.483 [TestNG-tests-2] ERROR com.atmecs.demo_blazesite.tests.Login - swg@11
]]></system-out>
    <system-err><![CDATA[
###!!! [Child][RunMessage] Error: Channel closing: too late to send/recv, messages will be lost


###!!! [Child][RunMessage] Error: Channel closing: too late to send/recv, messages will be lost


###!!! [Child][RunMessage] Error: Channel closing: too late to send/recv, messages will be lost


###!!! [Child][MessageChannel::SendAndWait] Error: Channel error: cannot send/recv

1602048874784	geckodriver	INFO	Listening on 127.0.0.1:39372
1602048875244	mozrunner::runner	INFO	Running command: "C:\\Program Files\\Mozilla Firefox\\firefox.exe" "--marionette" "-foreground" "-no-remote" "-profile" "C:\\Users\\ALFIN~1.ANT\\AppData\\Local\\Temp\\rust_mozprofileRhidqB"
JavaScript error: resource://gre/modules/XULStore.jsm, line 66: Error: Can't find profile directory.
console.error: SearchCache: "_readCacheFile: Error reading cache file:" (new Error("", "(unknown module)"))
1602048879360	Marionette	INFO	Listening on port 50858
1602048879781	Marionette	WARN	TLS certificate errors will be ignored for this session
Oct 07, 2020 11:04:39 AM org.openqa.selenium.remote.ProtocolHandshake createSession
INFO: Detected dialect: W3C
]]></system-err>
  </testcase>
  <testcase name="afterTest" classname="com.atmecs.demo_blazesite.tests.Login" time="0.726">
    <failure message="unexpected alert open: {Alert text : Please fill out Username and Password.}&#10;  (Session info: chrome=85.0.4183.121): Please fill out Username and Password.&#10;Build info: version: &apos;3.141.59&apos;, revision: &apos;e82be7d358&apos;, time: &apos;2018-11-14T08:17:03&apos;&#10;System info: host: &apos;ATMECSINLT-601&apos;, ip: &apos;192.168.163.1&apos;, os.name: &apos;Windows 10&apos;, os.arch: &apos;amd64&apos;, os.version: &apos;10.0&apos;, java.version: &apos;14.0.1&apos;&#10;Driver info: org.openqa.selenium.chrome.ChromeDriver&#10;Capabilities {acceptInsecureCerts: false, browserName: chrome, browserVersion: 85.0.4183.121, chrome: {chromedriverVersion: 85.0.4183.83 (94abc2237ae0c..., userDataDir: C:\Users\ALFIN~1.ANT\AppDat...}, goog:chromeOptions: {debuggerAddress: localhost:50804}, javascriptEnabled: true, networkConnectionEnabled: false, pageLoadStrategy: normal, platform: WINDOWS, platformName: WINDOWS, proxy: Proxy(), setWindowRect: true, strictFileInteractability: false, timeouts: {implicit: 0, pageLoad: 300000, script: 30000}, unhandledPromptBehavior: dismiss and notify, webauthn:virtualAuthenticators: true}&#10;Session ID: ff0e2ec7251f737c2406e974cc514cc1" type="org.openqa.selenium.UnhandledAlertException"><![CDATA[org.openqa.selenium.UnhandledAlertException: 
unexpected alert open: {Alert text : Please fill out Username and Password.}
  (Session info: chrome=85.0.4183.121): Please fill out Username and Password.
Build info: version: '3.141.59', revision: 'e82be7d358', time: '2018-11-14T08:17:03'
System info: host: 'ATMECSINLT-601', ip: '192.168.163.1', os.name: 'Windows 10', os.arch: 'amd64', os.version: '10.0', java.version: '14.0.1'
Driver info: org.openqa.selenium.chrome.ChromeDriver
Capabilities {acceptInsecureCerts: false, browserName: chrome, browserVersion: 85.0.4183.121, chrome: {chromedriverVersion: 85.0.4183.83 (94abc2237ae0c..., userDataDir: C:\Users\ALFIN~1.ANT\AppDat...}, goog:chromeOptions: {debuggerAddress: localhost:50804}, javascriptEnabled: true, networkConnectionEnabled: false, pageLoadStrategy: normal, platform: WINDOWS, platformName: WINDOWS, proxy: Proxy(), setWindowRect: true, strictFileInteractability: false, timeouts: {implicit: 0, pageLoad: 300000, script: 30000}, unhandledPromptBehavior: dismiss and notify, webauthn:virtualAuthenticators: true}
Session ID: ff0e2ec7251f737c2406e974cc514cc1
]]></failure>
    <system-out><![CDATA[logIn Passed!!
]]></system-out>
  </testcase>
  <testcase name="afterTest" classname="com.atmecs.demo_blazesite.tests.Login" time="0">
    <skipped/>
    <system-out><![CDATA[null logIn
]]></system-out>
  </testcase>
  <testcase name="afterTest" classname="com.atmecs.demo_blazesite.tests.Login" time="0">
    <skipped/>
    <system-out><![CDATA[null logIn
]]></system-out>
  </testcase>
  <testcase name="afterTest" classname="com.atmecs.demo_blazesite.tests.Login" time="0">
    <skipped/>
    <system-out><![CDATA[null logIn
]]></system-out>
  </testcase>
  <testcase name="beforeTest" classname="com.atmecs.demo_blazesite.tests.Login" time="0">
    <skipped/>
  </testcase>
  <testcase name="beforeTest" classname="com.atmecs.demo_blazesite.tests.Login" time="0">
    <skipped/>
  </testcase>
  <testcase name="beforeTest" classname="com.atmecs.demo_blazesite.tests.Login" time="0">
    <skipped/>
  </testcase>
  <testcase name="logIn[dev, Dev@13](3)" classname="com.atmecs.demo_blazesite.tests.Login" time="0">
    <skipped message="unexpected alert open: {Alert text : Please fill out Username and Password.}&#10;  (Session info: chrome=85.0.4183.121): Please fill out Username and Password.&#10;Build info: version: &apos;3.141.59&apos;, revision: &apos;e82be7d358&apos;, time: &apos;2018-11-14T08:17:03&apos;&#10;System info: host: &apos;ATMECSINLT-601&apos;, ip: &apos;192.168.163.1&apos;, os.name: &apos;Windows 10&apos;, os.arch: &apos;amd64&apos;, os.version: &apos;10.0&apos;, java.version: &apos;14.0.1&apos;&#10;Driver info: org.openqa.selenium.chrome.ChromeDriver&#10;Capabilities {acceptInsecureCerts: false, browserName: chrome, browserVersion: 85.0.4183.121, chrome: {chromedriverVersion: 85.0.4183.83 (94abc2237ae0c..., userDataDir: C:\Users\ALFIN~1.ANT\AppDat...}, goog:chromeOptions: {debuggerAddress: localhost:50804}, javascriptEnabled: true, networkConnectionEnabled: false, pageLoadStrategy: normal, platform: WINDOWS, platformName: WINDOWS, proxy: Proxy(), setWindowRect: true, strictFileInteractability: false, timeouts: {implicit: 0, pageLoad: 300000, script: 30000}, unhandledPromptBehavior: dismiss and notify, webauthn:virtualAuthenticators: true}&#10;Session ID: ff0e2ec7251f737c2406e974cc514cc1"/>
    <system-out><![CDATA[logIn Started!!
]]></system-out>
  </testcase>
  <testcase name="logIn[dev, Dev@13](3)" classname="com.atmecs.demo_blazesite.tests.Login" time="0.571">
    <system-out><![CDATA[logIn Passed!!
logIn Started!!
11:04:52.543 [TestNG-tests-2] FATAL com.atmecs.demo_blazesite.tests.Login - You need to cond&amp#12;igure log4j
11:04:52.543 [TestNG-tests-2] ERROR com.atmecs.demo_blazesite.tests.Login - Dev@13
]]></system-out>
    <system-err><![CDATA[1602048883196	Marionette	INFO	Stopped listening on port 50858
console.error: services.settings: 
  main/whats-new-panel Signature failed  TypeError: NetworkError when attempting to fetch resource.

###!!! [Child][RunMessage] Error: Channel closing: too late to send/recv, messages will be lost


###!!! [Child][MessageChannel::SendAndWait] Error: Channel error: cannot send/recv

1602048886733	geckodriver	INFO	Listening on 127.0.0.1:30353
1602048886897	mozrunner::runner	INFO	Running command: "C:\\Program Files\\Mozilla Firefox\\firefox.exe" "--marionette" "-foreground" "-no-remote" "-profile" "C:\\Users\\ALFIN~1.ANT\\AppData\\Local\\Temp\\rust_mozprofileaYY2vn"
JavaScript error: resource://gre/modules/XULStore.jsm, line 66: Error: Can't find profile directory.
console.error: SearchCache: "_readCacheFile: Error reading cache file:" (new Error("", "(unknown module)"))
1602048889742	Marionette	INFO	Listening on port 50901
1602048890039	Marionette	WARN	TLS certificate errors will be ignored for this session
Oct 07, 2020 11:04:50 AM org.openqa.selenium.remote.ProtocolHandshake createSession
INFO: Detected dialect: W3C
]]></system-err>
  </testcase>
  <testcase name="logIn[swg, swg@12](4)" classname="com.atmecs.demo_blazesite.tests.Login" time="0">
    <skipped message="unexpected alert open: {Alert text : Please fill out Username and Password.}&#10;  (Session info: chrome=85.0.4183.121): Please fill out Username and Password.&#10;Build info: version: &apos;3.141.59&apos;, revision: &apos;e82be7d358&apos;, time: &apos;2018-11-14T08:17:03&apos;&#10;System info: host: &apos;ATMECSINLT-601&apos;, ip: &apos;192.168.163.1&apos;, os.name: &apos;Windows 10&apos;, os.arch: &apos;amd64&apos;, os.version: &apos;10.0&apos;, java.version: &apos;14.0.1&apos;&#10;Driver info: org.openqa.selenium.chrome.ChromeDriver&#10;Capabilities {acceptInsecureCerts: false, browserName: chrome, browserVersion: 85.0.4183.121, chrome: {chromedriverVersion: 85.0.4183.83 (94abc2237ae0c..., userDataDir: C:\Users\ALFIN~1.ANT\AppDat...}, goog:chromeOptions: {debuggerAddress: localhost:50804}, javascriptEnabled: true, networkConnectionEnabled: false, pageLoadStrategy: normal, platform: WINDOWS, platformName: WINDOWS, proxy: Proxy(), setWindowRect: true, strictFileInteractability: false, timeouts: {implicit: 0, pageLoad: 300000, script: 30000}, unhandledPromptBehavior: dismiss and notify, webauthn:virtualAuthenticators: true}&#10;Session ID: ff0e2ec7251f737c2406e974cc514cc1"/>
    <system-out><![CDATA[logIn Started!!
]]></system-out>
  </testcase>
  <testcase name="logIn[swg, swg@12](4)" classname="com.atmecs.demo_blazesite.tests.Login" time="0.559">
    <system-out><![CDATA[logIn Passed!!
logIn Started!!
11:05:00.346 [TestNG-tests-2] FATAL com.atmecs.demo_blazesite.tests.Login - You need to cond&amp#12;igure log4j
11:05:00.346 [TestNG-tests-2] ERROR com.atmecs.demo_blazesite.tests.Login - swg@12
]]></system-out>
    <system-err><![CDATA[1602048893124	Marionette	INFO	Stopped listening on port 50901

###!!! [Child][RunMessage] Error: Channel closing: too late to send/recv, messages will be lost


###!!! [Child][MessageChannel::SendAndWait] Error: Channel error: cannot send/recv

1602048895201	geckodriver	INFO	Listening on 127.0.0.1:32748
1602048895664	mozrunner::runner	INFO	Running command: "C:\\Program Files\\Mozilla Firefox\\firefox.exe" "--marionette" "-foreground" "-no-remote" "-profile" "C:\\Users\\ALFIN~1.ANT\\AppData\\Local\\Temp\\rust_mozprofileaIIFhv"
JavaScript error: resource://gre/modules/XULStore.jsm, line 66: Error: Can't find profile directory.
console.error: SearchCache: "_readCacheFile: Error reading cache file:" (new Error("", "(unknown module)"))
1602048898347	Marionette	INFO	Listening on port 50944
1602048898798	Marionette	WARN	TLS certificate errors will be ignored for this session
Oct 07, 2020 11:04:58 AM org.openqa.selenium.remote.ProtocolHandshake createSession
INFO: Detected dialect: W3C
]]></system-err>
  </testcase>
  <testcase name="logIn[dev, Dev@14](5)" classname="com.atmecs.demo_blazesite.tests.Login" time="0">
    <skipped message="unexpected alert open: {Alert text : Please fill out Username and Password.}&#10;  (Session info: chrome=85.0.4183.121): Please fill out Username and Password.&#10;Build info: version: &apos;3.141.59&apos;, revision: &apos;e82be7d358&apos;, time: &apos;2018-11-14T08:17:03&apos;&#10;System info: host: &apos;ATMECSINLT-601&apos;, ip: &apos;192.168.163.1&apos;, os.name: &apos;Windows 10&apos;, os.arch: &apos;amd64&apos;, os.version: &apos;10.0&apos;, java.version: &apos;14.0.1&apos;&#10;Driver info: org.openqa.selenium.chrome.ChromeDriver&#10;Capabilities {acceptInsecureCerts: false, browserName: chrome, browserVersion: 85.0.4183.121, chrome: {chromedriverVersion: 85.0.4183.83 (94abc2237ae0c..., userDataDir: C:\Users\ALFIN~1.ANT\AppDat...}, goog:chromeOptions: {debuggerAddress: localhost:50804}, javascriptEnabled: true, networkConnectionEnabled: false, pageLoadStrategy: normal, platform: WINDOWS, platformName: WINDOWS, proxy: Proxy(), setWindowRect: true, strictFileInteractability: false, timeouts: {implicit: 0, pageLoad: 300000, script: 30000}, unhandledPromptBehavior: dismiss and notify, webauthn:virtualAuthenticators: true}&#10;Session ID: ff0e2ec7251f737c2406e974cc514cc1"/>
    <system-out><![CDATA[logIn Started!!
]]></system-out>
  </testcase>
  <testcase name="logIn[dev, Dev@14](5)" classname="com.atmecs.demo_blazesite.tests.Login" time="0.702">
    <system-out><![CDATA[logIn Passed!!
logIn Started!!
11:05:10.147 [TestNG-tests-2] FATAL com.atmecs.demo_blazesite.tests.Login - You need to cond&amp#12;igure log4j
11:05:10.147 [TestNG-tests-2] ERROR com.atmecs.demo_blazesite.tests.Login - Dev@14
]]></system-out>
    <system-err><![CDATA[1602048900917	Marionette	INFO	Stopped listening on port 50944
[Child 24536, Chrome_ChildThread] WARNING: pipe error: 232: file /builds/worker/checkouts/gecko/ipc/chromium/src/chrome/common/ipc_channel_win.cc, line 545

###!!! [Child][RunMessage] Error: Channel closing: too late to send/recv, messages will be lost


###!!! [Child][MessageChannel::SendAndWait] Error: Channel error: cannot send/recv

1602048902764	geckodriver	INFO	Listening on 127.0.0.1:36102
1602048903235	mozrunner::runner	INFO	Running command: "C:\\Program Files\\Mozilla Firefox\\firefox.exe" "--marionette" "-foreground" "-no-remote" "-profile" "C:\\Users\\ALFIN~1.ANT\\AppData\\Local\\Temp\\rust_mozprofileFQwSwb"
JavaScript error: resource://gre/modules/XULStore.jsm, line 66: Error: Can't find profile directory.
console.error: SearchCache: "_readCacheFile: Error reading cache file:" (new Error("", "(unknown module)"))
1602048906645	Marionette	INFO	Listening on port 50987
1602048906952	Marionette	WARN	TLS certificate errors will be ignored for this session
Oct 07, 2020 11:05:07 AM org.openqa.selenium.remote.ProtocolHandshake createSession
INFO: Detected dialect: W3C
]]></system-err>
  </testcase>
</testsuite>