<?xml version="1.0" encoding="UTF-8"?>
<testsuite xmlns:xsi="http://www.w3.org/2001/XMLSchema-instance" xsi:noNamespaceSchemaLocation="https://maven.apache.org/surefire/maven-surefire-plugin/xsd/surefire-test-report-3.0.xsd" version="3.0" name="TestSuite" time="191.929" tests="17" errors="0" skipped="0" failures="0">
  <properties>
[...]
</properties>
  <testcase name="addProduct" classname="com.atmecs.demo_blazesite.tests.AddProduct" time="3.344">
    <system-out><![CDATA[addProduct Started!!
addProduct Passed!!
]]></system-out>
    <system-err><![CDATA[Starting ChromeDriver 85.0.4183.83 (94abc2237ae0c9a4cb5f035431c8adfb94324633-refs/branch-heads/4183@{#1658}) on port 36322
Only local connections are allowed.
Please see https://chromedriver.chromium.org/security-considerations for suggestions on keeping ChromeDriver safe.
ChromeDriver was started successfully.
Oct 05, 2020 11:07:44 AM org.openqa.selenium.remote.ProtocolHandshake createSession
INFO: Detected dialect: W3C
]]></system-err>
  </testcase>
  <testcase name="contactUs[abc@gmail.com, abc, Good One](1)" classname="com.atmecs.demo_blazesite.tests.ContactUs" time="0.621">
    <system-out><![CDATA[contactUs Started!!
contactUs Passed!!
]]></system-out>
    <system-err><![CDATA[Starting ChromeDriver 85.0.4183.83 (94abc2237ae0c9a4cb5f035431c8adfb94324633-refs/branch-heads/4183@{#1658}) on port 5731
Only local connections are allowed.
Please see https://chromedriver.chromium.org/security-considerations for suggestions on keeping ChromeDriver safe.
ChromeDriver was started successfully.
Oct 05, 2020 11:07:59 AM org.openqa.selenium.remote.ProtocolHandshake createSession
INFO: Detected dialect: W3C
]]></system-err>
  </testcase>
  <testcase name="contactUs[def@gmail.com, abc, Good One](2)" classname="com.atmecs.demo_blazesite.tests.ContactUs" time="0.619">
    <system-out><![CDATA[contactUs Started!!
contactUs Passed!!
]]></system-out>
    <system-err><![CDATA[Starting ChromeDriver 85.0.4183.83 (94abc2237ae0c9a4cb5f035431c8adfb94324633-refs/branch-heads/4183@{#1658}) on port 39682
Only local connections are allowed.
Please see https://chromedriver.chromium.org/security-considerations for suggestions on keeping ChromeDriver safe.
ChromeDriver was started successfully.
Oct 05, 2020 11:08:12 AM org.openqa.selenium.remote.ProtocolHandshake createSession
INFO: Detected dialect: W3C
]]></system-err>
  </testcase>
  <testcase name="contactUs[abc@gmail.com, abc, Good One](3)" classname="com.atmecs.demo_blazesite.tests.ContactUs" time="0.519">
    <system-out><![CDATA[contactUs Started!!
contactUs Passed!!
]]></system-out>
    <system-err><![CDATA[Starting ChromeDriver 85.0.4183.83 (94abc2237ae0c9a4cb5f035431c8adfb94324633-refs/branch-heads/4183@{#1658}) on port 9227
Only local connections are allowed.
Please see https://chromedriver.chromium.org/security-considerations for suggestions on keeping ChromeDriver safe.
ChromeDriver was started successfully.
Oct 05, 2020 11:08:24 AM org.openqa.selenium.remote.ProtocolHandshake createSession
INFO: Detected dialect: W3C
]]></system-err>
  </testcase>
  <testcase name="contactUs[def@gmail.com, abc, Good One](4)" classname="com.atmecs.demo_blazesite.tests.ContactUs" time="0.597">
    <system-out><![CDATA[contactUs Started!!
contactUs Passed!!
]]></system-out>
    <system-err><![CDATA[Starting ChromeDriver 85.0.4183.83 (94abc2237ae0c9a4cb5f035431c8adfb94324633-refs/branch-heads/4183@{#1658}) on port 35806
Only local connections are allowed.
Please see https://chromedriver.chromium.org/security-considerations for suggestions on keeping ChromeDriver safe.
ChromeDriver was started successfully.
Oct 05, 2020 11:08:37 AM org.openqa.selenium.remote.ProtocolHandshake createSession
INFO: Detected dialect: W3C
]]></system-err>
  </testcase>
  <testcase name="contactUs[abc@gmail.com, abc, Good One](5)" classname="com.atmecs.demo_blazesite.tests.ContactUs" time="0.647">
    <system-out><![CDATA[contactUs Started!!
contactUs Passed!!
]]></system-out>
    <system-err><![CDATA[Starting ChromeDriver 85.0.4183.83 (94abc2237ae0c9a4cb5f035431c8adfb94324633-refs/branch-heads/4183@{#1658}) on port 2326
Only local connections are allowed.
Please see https://chromedriver.chromium.org/security-considerations for suggestions on keeping ChromeDriver safe.
ChromeDriver was started successfully.
Oct 05, 2020 11:08:48 AM org.openqa.selenium.remote.ProtocolHandshake createSession
INFO: Detected dialect: W3C
]]></system-err>
  </testcase>
  <testcase name="contactUs[def@gmail.com, abc, Good One](6)" classname="com.atmecs.demo_blazesite.tests.ContactUs" time="0.643">
    <system-out><![CDATA[contactUs Started!!
contactUs Passed!!
]]></system-out>
    <system-err><![CDATA[Starting ChromeDriver 85.0.4183.83 (94abc2237ae0c9a4cb5f035431c8adfb94324633-refs/branch-heads/4183@{#1658}) on port 31208
Only local connections are allowed.
Please see https://chromedriver.chromium.org/security-considerations for suggestions on keeping ChromeDriver safe.
ChromeDriver was started successfully.
Oct 05, 2020 11:09:00 AM org.openqa.selenium.remote.ProtocolHandshake createSession
INFO: Detected dialect: W3C
]]></system-err>
  </testcase>
  <testcase name="signIn[dev, Dev@12](1)" classname="com.atmecs.demo_blazesite.tests.SignIn" time="1.458">
    <system-out><![CDATA[signIn Started!!
signIn Passed!!
]]></system-out>
    <system-err><![CDATA[Starting ChromeDriver 85.0.4183.83 (94abc2237ae0c9a4cb5f035431c8adfb94324633-refs/branch-heads/4183@{#1658}) on port 29926
Only local connections are allowed.
Please see https://chromedriver.chromium.org/security-considerations for suggestions on keeping ChromeDriver safe.
ChromeDriver was started successfully.
Oct 05, 2020 11:09:09 AM org.openqa.selenium.remote.ProtocolHandshake createSession
INFO: Detected dialect: W3C
]]></system-err>
  </testcase>
  <testcase name="signIn[swg, swg@11](2)" classname="com.atmecs.demo_blazesite.tests.SignIn" time="1.493">
    <system-out><![CDATA[signIn Started!!
signIn Passed!!
]]></system-out>
    <system-err><![CDATA[Starting ChromeDriver 85.0.4183.83 (94abc2237ae0c9a4cb5f035431c8adfb94324633-refs/branch-heads/4183@{#1658}) on port 31320
Only local connections are allowed.
Please see https://chromedriver.chromium.org/security-considerations for suggestions on keeping ChromeDriver safe.
ChromeDriver was started successfully.
Oct 05, 2020 11:09:22 AM org.openqa.selenium.remote.ProtocolHandshake createSession
INFO: Detected dialect: W3C
]]></system-err>
  </testcase>
  <testcase name="signIn[dev, Dev@13](3)" classname="com.atmecs.demo_blazesite.tests.SignIn" time="1.473">
    <system-out><![CDATA[signIn Started!!
signIn Passed!!
]]></system-out>
    <system-err><![CDATA[Starting ChromeDriver 85.0.4183.83 (94abc2237ae0c9a4cb5f035431c8adfb94324633-refs/branch-heads/4183@{#1658}) on port 4391
Only local connections are allowed.
Please see https://chromedriver.chromium.org/security-considerations for suggestions on keeping ChromeDriver safe.
ChromeDriver was started successfully.
Oct 05, 2020 11:09:36 AM org.openqa.selenium.remote.ProtocolHandshake createSession
INFO: Detected dialect: W3C
]]></system-err>
  </testcase>
  <testcase name="signIn[swg, swg@12](4)" classname="com.atmecs.demo_blazesite.tests.SignIn" time="1.441">
    <system-out><![CDATA[signIn Started!!
signIn Passed!!
]]></system-out>
    <system-err><![CDATA[Starting ChromeDriver 85.0.4183.83 (94abc2237ae0c9a4cb5f035431c8adfb94324633-refs/branch-heads/4183@{#1658}) on port 39306
Only local connections are allowed.
Please see https://chromedriver.chromium.org/security-considerations for suggestions on keeping ChromeDriver safe.
ChromeDriver was started successfully.
Oct 05, 2020 11:09:44 AM org.openqa.selenium.remote.ProtocolHandshake createSession
INFO: Detected dialect: W3C
]]></system-err>
  </testcase>
  <testcase name="signIn[dev, Dev@14](5)" classname="com.atmecs.demo_blazesite.tests.SignIn" time="1.454">
    <system-out><![CDATA[signIn Started!!
signIn Passed!!
]]></system-out>
    <system-err><![CDATA[Starting ChromeDriver 85.0.4183.83 (94abc2237ae0c9a4cb5f035431c8adfb94324633-refs/branch-heads/4183@{#1658}) on port 28423
Only local connections are allowed.
Please see https://chromedriver.chromium.org/security-considerations for suggestions on keeping ChromeDriver safe.
ChromeDriver was started successfully.
Oct 05, 2020 11:09:53 AM org.openqa.selenium.remote.ProtocolHandshake createSession
INFO: Detected dialect: W3C
]]></system-err>
  </testcase>
  <testcase name="logIn[dev, Dev@12](1)" classname="com.atmecs.demo_blazesite.tests.Login" time="0.5">
    <system-out><![CDATA[logIn Started!!
11:10:05.581 [main] FATAL com.atmecs.demo_blazesite.tests.Login - You need to cond&amp#12;igure log4j
11:10:05.587 [main] ERROR com.atmecs.demo_blazesite.tests.Login - Dev@12
logIn Passed!!
]]></system-out>
    <system-err><![CDATA[Starting ChromeDriver 85.0.4183.83 (94abc2237ae0c9a4cb5f035431c8adfb94324633-refs/branch-heads/4183@{#1658}) on port 32798
Only local connections are allowed.
Please see https://chromedriver.chromium.org/security-considerations for suggestions on keeping ChromeDriver safe.
ChromeDriver was started successfully.
Oct 05, 2020 11:10:01 AM org.openqa.selenium.remote.ProtocolHandshake createSession
INFO: Detected dialect: W3C
]]></system-err>
  </testcase>
  <testcase name="logIn[swg, swg@11](2)" classname="com.atmecs.demo_blazesite.tests.Login" time="0.388">
    <system-out><![CDATA[logIn Started!!
11:10:13.492 [main] FATAL com.atmecs.demo_blazesite.tests.Login - You need to cond&amp#12;igure log4j
11:10:13.492 [main] ERROR com.atmecs.demo_blazesite.tests.Login - swg@11
logIn Passed!!
]]></system-out>
    <system-err><![CDATA[Starting ChromeDriver 85.0.4183.83 (94abc2237ae0c9a4cb5f035431c8adfb94324633-refs/branch-heads/4183@{#1658}) on port 28937
Only local connections are allowed.
Please see https://chromedriver.chromium.org/security-considerations for suggestions on keeping ChromeDriver safe.
ChromeDriver was started successfully.
Oct 05, 2020 11:10:09 AM org.openqa.selenium.remote.ProtocolHandshake createSession
INFO: Detected dialect: W3C
]]></system-err>
  </testcase>
  <testcase name="logIn[dev, Dev@13](3)" classname="com.atmecs.demo_blazesite.tests.Login" time="0.449">
    <system-out><![CDATA[logIn Started!!
11:10:22.185 [main] FATAL com.atmecs.demo_blazesite.tests.Login - You need to cond&amp#12;igure log4j
11:10:22.185 [main] ERROR com.atmecs.demo_blazesite.tests.Login - Dev@13
logIn Passed!!
]]></system-out>
    <system-err><![CDATA[Starting ChromeDriver 85.0.4183.83 (94abc2237ae0c9a4cb5f035431c8adfb94324633-refs/branch-heads/4183@{#1658}) on port 15121
Only local connections are allowed.
Please see https://chromedriver.chromium.org/security-considerations for suggestions on keeping ChromeDriver safe.
ChromeDriver was started successfully.
Oct 05, 2020 11:10:17 AM org.openqa.selenium.remote.ProtocolHandshake createSession
INFO: Detected dialect: W3C
]]></system-err>
  </testcase>
  <testcase name="logIn[swg, swg@12](4)" classname="com.atmecs.demo_blazesite.tests.Login" time="0.445">
    <system-out><![CDATA[logIn Started!!
11:10:38.425 [main] FATAL com.atmecs.demo_blazesite.tests.Login - You need to cond&amp#12;igure log4j
11:10:38.425 [main] ERROR com.atmecs.demo_blazesite.tests.Login - swg@12
logIn Passed!!
]]></system-out>
    <system-err><![CDATA[Starting ChromeDriver 85.0.4183.83 (94abc2237ae0c9a4cb5f035431c8adfb94324633-refs/branch-heads/4183@{#1658}) on port 17469
Only local connections are allowed.
Please see https://chromedriver.chromium.org/security-considerations for suggestions on keeping ChromeDriver safe.
ChromeDriver was started successfully.
Oct 05, 2020 11:10:26 AM org.openqa.selenium.remote.ProtocolHandshake createSession
INFO: Detected dialect: W3C
]]></system-err>
  </testcase>
  <testcase name="logIn[dev, Dev@14](5)" classname="com.atmecs.demo_blazesite.tests.Login" time="0.506">
    <system-out><![CDATA[logIn Started!!
11:10:50.396 [main] FATAL com.atmecs.demo_blazesite.tests.Login - You need to cond&amp#12;igure log4j
11:10:50.397 [main] ERROR com.atmecs.demo_blazesite.tests.Login - Dev@14
logIn Passed!!
]]></system-out>
    <system-err><![CDATA[Starting ChromeDriver 85.0.4183.83 (94abc2237ae0c9a4cb5f035431c8adfb94324633-refs/branch-heads/4183@{#1658}) on port 45148
Only local connections are allowed.
Please see https://chromedriver.chromium.org/security-considerations for suggestions on keeping ChromeDriver safe.
ChromeDriver was started successfully.
Oct 05, 2020 11:10:46 AM org.openqa.selenium.remote.ProtocolHandshake createSession
INFO: Detected dialect: W3C
]]></system-err>
  </testcase>
</testsuite>