<?xml version="1.0" encoding="UTF-8"?>
<testng-results ignored="0" total="34" passed="34" failed="0" skipped="0">
  <reporter-output>
  </reporter-output>
  <suite started-at="2020-10-12T14:58:50 IST" name="Suite" finished-at="2020-10-12T15:02:27 IST" duration-ms="216577">
    <groups>
    </groups>
    <test started-at="2020-10-12T14:58:50 IST" name="test1" finished-at="2020-10-12T15:02:25 IST" duration-ms="214332">
      <class name="com.atmecs.demo_blazesite.tests.SignInTest">
        <test-method is-config="true" signature="beforeTest(java.lang.String)[pri:0, instance:com.atmecs.demo_blazesite.tests.SignInTest@6156496]" started-at="2020-10-12T15:00:18 IST" name="beforeTest" finished-at="2020-10-12T15:00:27 IST" duration-ms="9116" status="PASS">
          <params>
            <param index="0">
              <value>
                <![CDATA[chrome]]>
              </value>
            </param>
          </params>
          <reporter-output>
          </reporter-output>
        </test-method> <!-- beforeTest -->
        <test-method signature="signIn(java.lang.String, java.lang.String)[pri:0, instance:com.atmecs.demo_blazesite.tests.SignInTest@6156496]" started-at="2020-10-12T15:00:27 IST" name="signIn" data-provider="login" finished-at="2020-10-12T15:00:28 IST" duration-ms="1610" status="PASS">
          <params>
            <param index="0">
              <value>
                <![CDATA[dev]]>
              </value>
            </param>
            <param index="1">
              <value>
                <![CDATA[Dev@12]]>
              </value>
            </param>
          </params>
          <reporter-output>
          </reporter-output>
        </test-method> <!-- signIn -->
        <test-method is-config="true" signature="afterTest()[pri:0, instance:com.atmecs.demo_blazesite.tests.SignInTest@6156496]" started-at="2020-10-12T15:00:28 IST" name="afterTest" finished-at="2020-10-12T15:00:33 IST" duration-ms="4248" status="PASS">
          <reporter-output>
          </reporter-output>
        </test-method> <!-- afterTest -->
        <test-method is-config="true" signature="beforeTest(java.lang.String)[pri:0, instance:com.atmecs.demo_blazesite.tests.SignInTest@6156496]" started-at="2020-10-12T15:00:33 IST" name="beforeTest" finished-at="2020-10-12T15:00:40 IST" duration-ms="7408" status="PASS">
          <params>
            <param index="0">
              <value>
                <![CDATA[chrome]]>
              </value>
            </param>
          </params>
          <reporter-output>
          </reporter-output>
        </test-method> <!-- beforeTest -->
        <test-method signature="signIn(java.lang.String, java.lang.String)[pri:0, instance:com.atmecs.demo_blazesite.tests.SignInTest@6156496]" started-at="2020-10-12T15:00:40 IST" name="signIn" data-provider="login" finished-at="2020-10-12T15:00:42 IST" duration-ms="2001" status="PASS">
          <params>
            <param index="0">
              <value>
                <![CDATA[swg]]>
              </value>
            </param>
            <param index="1">
              <value>
                <![CDATA[swg@11]]>
              </value>
            </param>
          </params>
          <reporter-output>
          </reporter-output>
        </test-method> <!-- signIn -->
        <test-method is-config="true" signature="afterTest()[pri:0, instance:com.atmecs.demo_blazesite.tests.SignInTest@6156496]" started-at="2020-10-12T15:00:42 IST" name="afterTest" finished-at="2020-10-12T15:00:46 IST" duration-ms="4451" status="PASS">
          <reporter-output>
          </reporter-output>
        </test-method> <!-- afterTest -->
        <test-method is-config="true" signature="beforeTest(java.lang.String)[pri:0, instance:com.atmecs.demo_blazesite.tests.SignInTest@6156496]" started-at="2020-10-12T15:00:46 IST" name="beforeTest" finished-at="2020-10-12T15:00:54 IST" duration-ms="7982" status="PASS">
          <params>
            <param index="0">
              <value>
                <![CDATA[chrome]]>
              </value>
            </param>
          </params>
          <reporter-output>
          </reporter-output>
        </test-method> <!-- beforeTest -->
        <test-method signature="signIn(java.lang.String, java.lang.String)[pri:0, instance:com.atmecs.demo_blazesite.tests.SignInTest@6156496]" started-at="2020-10-12T15:00:54 IST" name="signIn" data-provider="login" finished-at="2020-10-12T15:00:56 IST" duration-ms="1733" status="PASS">
          <params>
            <param index="0">
              <value>
                <![CDATA[dev]]>
              </value>
            </param>
            <param index="1">
              <value>
                <![CDATA[Dev@13]]>
              </value>
            </param>
          </params>
          <reporter-output>
          </reporter-output>
        </test-method> <!-- signIn -->
        <test-method is-config="true" signature="afterTest()[pri:0, instance:com.atmecs.demo_blazesite.tests.SignInTest@6156496]" started-at="2020-10-12T15:00:56 IST" name="afterTest" finished-at="2020-10-12T15:00:57 IST" duration-ms="389" status="PASS">
          <reporter-output>
          </reporter-output>
        </test-method> <!-- afterTest -->
        <test-method is-config="true" signature="beforeTest(java.lang.String)[pri:0, instance:com.atmecs.demo_blazesite.tests.SignInTest@6156496]" started-at="2020-10-12T15:00:57 IST" name="beforeTest" finished-at="2020-10-12T15:01:04 IST" duration-ms="7604" status="PASS">
          <params>
            <param index="0">
              <value>
                <![CDATA[chrome]]>
              </value>
            </param>
          </params>
          <reporter-output>
          </reporter-output>
        </test-method> <!-- beforeTest -->
        <test-method signature="signIn(java.lang.String, java.lang.String)[pri:0, instance:com.atmecs.demo_blazesite.tests.SignInTest@6156496]" started-at="2020-10-12T15:01:04 IST" name="signIn" data-provider="login" finished-at="2020-10-12T15:01:06 IST" duration-ms="1493" status="PASS">
          <params>
            <param index="0">
              <value>
                <![CDATA[swg]]>
              </value>
            </param>
            <param index="1">
              <value>
                <![CDATA[swg@12]]>
              </value>
            </param>
          </params>
          <reporter-output>
          </reporter-output>
        </test-method> <!-- signIn -->
        <test-method is-config="true" signature="afterTest()[pri:0, instance:com.atmecs.demo_blazesite.tests.SignInTest@6156496]" started-at="2020-10-12T15:01:06 IST" name="afterTest" finished-at="2020-10-12T15:01:08 IST" duration-ms="1912" status="PASS">
          <reporter-output>
          </reporter-output>
        </test-method> <!-- afterTest -->
        <test-method is-config="true" signature="beforeTest(java.lang.String)[pri:0, instance:com.atmecs.demo_blazesite.tests.SignInTest@6156496]" started-at="2020-10-12T15:01:08 IST" name="beforeTest" finished-at="2020-10-12T15:01:15 IST" duration-ms="7764" status="PASS">
          <params>
            <param index="0">
              <value>
                <![CDATA[chrome]]>
              </value>
            </param>
          </params>
          <reporter-output>
          </reporter-output>
        </test-method> <!-- beforeTest -->
        <test-method signature="signIn(java.lang.String, java.lang.String)[pri:0, instance:com.atmecs.demo_blazesite.tests.SignInTest@6156496]" started-at="2020-10-12T15:01:15 IST" name="signIn" data-provider="login" finished-at="2020-10-12T15:01:17 IST" duration-ms="1509" status="PASS">
          <params>
            <param index="0">
              <value>
                <![CDATA[dev]]>
              </value>
            </param>
            <param index="1">
              <value>
                <![CDATA[Dev@14]]>
              </value>
            </param>
          </params>
          <reporter-output>
          </reporter-output>
        </test-method> <!-- signIn -->
        <test-method is-config="true" signature="afterTest()[pri:0, instance:com.atmecs.demo_blazesite.tests.SignInTest@6156496]" started-at="2020-10-12T15:01:17 IST" name="afterTest" finished-at="2020-10-12T15:01:19 IST" duration-ms="1889" status="PASS">
          <reporter-output>
          </reporter-output>
        </test-method> <!-- afterTest -->
      </class> <!-- com.atmecs.demo_blazesite.tests.SignInTest -->
      <class name="com.atmecs.demo_blazesite.tests.ContactUsTest">
        <test-method is-config="true" signature="beforeTest(java.lang.String)[pri:0, instance:com.atmecs.demo_blazesite.tests.ContactUsTest@5ad851c9]" started-at="2020-10-12T14:59:10 IST" name="beforeTest" finished-at="2020-10-12T14:59:18 IST" duration-ms="8669" status="PASS">
          <params>
            <param index="0">
              <value>
                <![CDATA[chrome]]>
              </value>
            </param>
          </params>
          <reporter-output>
          </reporter-output>
        </test-method> <!-- beforeTest -->
        <test-method signature="contactUs(java.lang.String, java.lang.String, java.lang.String)[pri:0, instance:com.atmecs.demo_blazesite.tests.ContactUsTest@5ad851c9]" started-at="2020-10-12T14:59:18 IST" name="contactUs" data-provider="contact_us" finished-at="2020-10-12T14:59:19 IST" duration-ms="835" status="PASS">
          <params>
            <param index="0">
              <value>
                <![CDATA[abc@gmail.com]]>
              </value>
            </param>
            <param index="1">
              <value>
                <![CDATA[abc]]>
              </value>
            </param>
            <param index="2">
              <value>
                <![CDATA[Good One]]>
              </value>
            </param>
          </params>
          <reporter-output>
          </reporter-output>
        </test-method> <!-- contactUs -->
        <test-method is-config="true" signature="afterTest()[pri:0, instance:com.atmecs.demo_blazesite.tests.ContactUsTest@5ad851c9]" started-at="2020-10-12T14:59:19 IST" name="afterTest" finished-at="2020-10-12T14:59:21 IST" duration-ms="1891" status="PASS">
          <reporter-output>
          </reporter-output>
        </test-method> <!-- afterTest -->
        <test-method is-config="true" signature="beforeTest(java.lang.String)[pri:0, instance:com.atmecs.demo_blazesite.tests.ContactUsTest@5ad851c9]" started-at="2020-10-12T14:59:21 IST" name="beforeTest" finished-at="2020-10-12T14:59:29 IST" duration-ms="7827" status="PASS">
          <params>
            <param index="0">
              <value>
                <![CDATA[chrome]]>
              </value>
            </param>
          </params>
          <reporter-output>
          </reporter-output>
        </test-method> <!-- beforeTest -->
        <test-method signature="contactUs(java.lang.String, java.lang.String, java.lang.String)[pri:0, instance:com.atmecs.demo_blazesite.tests.ContactUsTest@5ad851c9]" started-at="2020-10-12T14:59:29 IST" name="contactUs" data-provider="contact_us" finished-at="2020-10-12T14:59:30 IST" duration-ms="912" status="PASS">
          <params>
            <param index="0">
              <value>
                <![CDATA[def@gmail.com]]>
              </value>
            </param>
            <param index="1">
              <value>
                <![CDATA[abc]]>
              </value>
            </param>
            <param index="2">
              <value>
                <![CDATA[Good One]]>
              </value>
            </param>
          </params>
          <reporter-output>
          </reporter-output>
        </test-method> <!-- contactUs -->
        <test-method is-config="true" signature="afterTest()[pri:0, instance:com.atmecs.demo_blazesite.tests.ContactUsTest@5ad851c9]" started-at="2020-10-12T14:59:30 IST" name="afterTest" finished-at="2020-10-12T14:59:30 IST" duration-ms="496" status="PASS">
          <reporter-output>
          </reporter-output>
        </test-method> <!-- afterTest -->
        <test-method is-config="true" signature="beforeTest(java.lang.String)[pri:0, instance:com.atmecs.demo_blazesite.tests.ContactUsTest@5ad851c9]" started-at="2020-10-12T14:59:30 IST" name="beforeTest" finished-at="2020-10-12T14:59:42 IST" duration-ms="11209" status="PASS">
          <params>
            <param index="0">
              <value>
                <![CDATA[chrome]]>
              </value>
            </param>
          </params>
          <reporter-output>
          </reporter-output>
        </test-method> <!-- beforeTest -->
        <test-method signature="contactUs(java.lang.String, java.lang.String, java.lang.String)[pri:0, instance:com.atmecs.demo_blazesite.tests.ContactUsTest@5ad851c9]" started-at="2020-10-12T14:59:42 IST" name="contactUs" data-provider="contact_us" finished-at="2020-10-12T14:59:42 IST" duration-ms="631" status="PASS">
          <params>
            <param index="0">
              <value>
                <![CDATA[abc@gmail.com]]>
              </value>
            </param>
            <param index="1">
              <value>
                <![CDATA[abc]]>
              </value>
            </param>
            <param index="2">
              <value>
                <![CDATA[Good One]]>
              </value>
            </param>
          </params>
          <reporter-output>
          </reporter-output>
        </test-method> <!-- contactUs -->
        <test-method is-config="true" signature="afterTest()[pri:0, instance:com.atmecs.demo_blazesite.tests.ContactUsTest@5ad851c9]" started-at="2020-10-12T14:59:42 IST" name="afterTest" finished-at="2020-10-12T14:59:46 IST" duration-ms="4111" status="PASS">
          <reporter-output>
          </reporter-output>
        </test-method> <!-- afterTest -->
        <test-method is-config="true" signature="beforeTest(java.lang.String)[pri:0, instance:com.atmecs.demo_blazesite.tests.ContactUsTest@5ad851c9]" started-at="2020-10-12T14:59:46 IST" name="beforeTest" finished-at="2020-10-12T14:59:55 IST" duration-ms="8546" status="PASS">
          <params>
            <param index="0">
              <value>
                <![CDATA[chrome]]>
              </value>
            </param>
          </params>
          <reporter-output>
          </reporter-output>
        </test-method> <!-- beforeTest -->
        <test-method signature="contactUs(java.lang.String, java.lang.String, java.lang.String)[pri:0, instance:com.atmecs.demo_blazesite.tests.ContactUsTest@5ad851c9]" started-at="2020-10-12T14:59:55 IST" name="contactUs" data-provider="contact_us" finished-at="2020-10-12T14:59:55 IST" duration-ms="550" status="PASS">
          <params>
            <param index="0">
              <value>
                <![CDATA[def@gmail.com]]>
              </value>
            </param>
            <param index="1">
              <value>
                <![CDATA[abc]]>
              </value>
            </param>
            <param index="2">
              <value>
                <![CDATA[Good One]]>
              </value>
            </param>
          </params>
          <reporter-output>
          </reporter-output>
        </test-method> <!-- contactUs -->
        <test-method is-config="true" signature="afterTest()[pri:0, instance:com.atmecs.demo_blazesite.tests.ContactUsTest@5ad851c9]" started-at="2020-10-12T14:59:55 IST" name="afterTest" finished-at="2020-10-12T14:59:56 IST" duration-ms="1049" status="PASS">
          <reporter-output>
          </reporter-output>
        </test-method> <!-- afterTest -->
        <test-method is-config="true" signature="beforeTest(java.lang.String)[pri:0, instance:com.atmecs.demo_blazesite.tests.ContactUsTest@5ad851c9]" started-at="2020-10-12T14:59:56 IST" name="beforeTest" finished-at="2020-10-12T15:00:05 IST" duration-ms="8884" status="PASS">
          <params>
            <param index="0">
              <value>
                <![CDATA[chrome]]>
              </value>
            </param>
          </params>
          <reporter-output>
          </reporter-output>
        </test-method> <!-- beforeTest -->
        <test-method signature="contactUs(java.lang.String, java.lang.String, java.lang.String)[pri:0, instance:com.atmecs.demo_blazesite.tests.ContactUsTest@5ad851c9]" started-at="2020-10-12T15:00:05 IST" name="contactUs" data-provider="contact_us" finished-at="2020-10-12T15:00:06 IST" duration-ms="700" status="PASS">
          <params>
            <param index="0">
              <value>
                <![CDATA[abc@gmail.com]]>
              </value>
            </param>
            <param index="1">
              <value>
                <![CDATA[abc]]>
              </value>
            </param>
            <param index="2">
              <value>
                <![CDATA[Good One]]>
              </value>
            </param>
          </params>
          <reporter-output>
          </reporter-output>
        </test-method> <!-- contactUs -->
        <test-method is-config="true" signature="afterTest()[pri:0, instance:com.atmecs.demo_blazesite.tests.ContactUsTest@5ad851c9]" started-at="2020-10-12T15:00:06 IST" name="afterTest" finished-at="2020-10-12T15:00:06 IST" duration-ms="302" status="PASS">
          <reporter-output>
          </reporter-output>
        </test-method> <!-- afterTest -->
        <test-method is-config="true" signature="beforeTest(java.lang.String)[pri:0, instance:com.atmecs.demo_blazesite.tests.ContactUsTest@5ad851c9]" started-at="2020-10-12T15:00:06 IST" name="beforeTest" finished-at="2020-10-12T15:00:14 IST" duration-ms="7926" status="PASS">
          <params>
            <param index="0">
              <value>
                <![CDATA[chrome]]>
              </value>
            </param>
          </params>
          <reporter-output>
          </reporter-output>
        </test-method> <!-- beforeTest -->
        <test-method signature="contactUs(java.lang.String, java.lang.String, java.lang.String)[pri:0, instance:com.atmecs.demo_blazesite.tests.ContactUsTest@5ad851c9]" started-at="2020-10-12T15:00:14 IST" name="contactUs" data-provider="contact_us" finished-at="2020-10-12T15:00:15 IST" duration-ms="964" status="PASS">
          <params>
            <param index="0">
              <value>
                <![CDATA[def@gmail.com]]>
              </value>
            </param>
            <param index="1">
              <value>
                <![CDATA[abc]]>
              </value>
            </param>
            <param index="2">
              <value>
                <![CDATA[Good One]]>
              </value>
            </param>
          </params>
          <reporter-output>
          </reporter-output>
        </test-method> <!-- contactUs -->
        <test-method is-config="true" signature="afterTest()[pri:0, instance:com.atmecs.demo_blazesite.tests.ContactUsTest@5ad851c9]" started-at="2020-10-12T15:00:15 IST" name="afterTest" finished-at="2020-10-12T15:00:18 IST" duration-ms="2313" status="PASS">
          <reporter-output>
          </reporter-output>
        </test-method> <!-- afterTest -->
      </class> <!-- com.atmecs.demo_blazesite.tests.ContactUsTest -->
      <class name="com.atmecs.demo_blazesite.tests.AddProductTest">
        <test-method is-config="true" signature="beforeTest(java.lang.String)[pri:0, instance:com.atmecs.demo_blazesite.tests.AddProductTest@5c1a8622]" started-at="2020-10-12T14:58:50 IST" name="beforeTest" finished-at="2020-10-12T14:59:03 IST" duration-ms="12503" status="PASS">
          <params>
            <param index="0">
              <value>
                <![CDATA[chrome]]>
              </value>
            </param>
          </params>
          <reporter-output>
          </reporter-output>
        </test-method> <!-- beforeTest -->
        <test-method signature="addProduct()[pri:0, instance:com.atmecs.demo_blazesite.tests.AddProductTest@5c1a8622]" started-at="2020-10-12T14:59:03 IST" name="addProduct" finished-at="2020-10-12T14:59:07 IST" duration-ms="3786" status="PASS">
          <reporter-output>
          </reporter-output>
        </test-method> <!-- addProduct -->
        <test-method is-config="true" signature="afterTest()[pri:0, instance:com.atmecs.demo_blazesite.tests.AddProductTest@5c1a8622]" started-at="2020-10-12T14:59:07 IST" name="afterTest" finished-at="2020-10-12T14:59:09 IST" duration-ms="2317" status="PASS">
          <reporter-output>
          </reporter-output>
        </test-method> <!-- afterTest -->
      </class> <!-- com.atmecs.demo_blazesite.tests.AddProductTest -->
      <class name="com.atmecs.demo_blazesite.tests.LoginTest">
        <test-method is-config="true" signature="beforeTest(java.lang.String)[pri:0, instance:com.atmecs.demo_blazesite.tests.LoginTest@3c153a1]" started-at="2020-10-12T15:01:19 IST" name="beforeTest" finished-at="2020-10-12T15:01:28 IST" duration-ms="9572" status="PASS">
          <params>
            <param index="0">
              <value>
                <![CDATA[chrome]]>
              </value>
            </param>
          </params>
          <reporter-output>
          </reporter-output>
        </test-method> <!-- beforeTest -->
        <test-method signature="logIn(java.lang.String, java.lang.String)[pri:0, instance:com.atmecs.demo_blazesite.tests.LoginTest@3c153a1]" started-at="2020-10-12T15:01:28 IST" name="logIn" data-provider="login" finished-at="2020-10-12T15:01:29 IST" duration-ms="455" status="PASS">
          <params>
            <param index="0">
              <value>
                <![CDATA[dev]]>
              </value>
            </param>
            <param index="1">
              <value>
                <![CDATA[Dev@12]]>
              </value>
            </param>
          </params>
          <reporter-output>
          </reporter-output>
        </test-method> <!-- logIn -->
        <test-method is-config="true" signature="afterTest()[pri:0, instance:com.atmecs.demo_blazesite.tests.LoginTest@3c153a1]" started-at="2020-10-12T15:01:29 IST" name="afterTest" finished-at="2020-10-12T15:01:29 IST" duration-ms="591" status="PASS">
          <reporter-output>
          </reporter-output>
        </test-method> <!-- afterTest -->
        <test-method is-config="true" signature="beforeTest(java.lang.String)[pri:0, instance:com.atmecs.demo_blazesite.tests.LoginTest@3c153a1]" started-at="2020-10-12T15:01:29 IST" name="beforeTest" finished-at="2020-10-12T15:01:39 IST" duration-ms="9243" status="PASS">
          <params>
            <param index="0">
              <value>
                <![CDATA[chrome]]>
              </value>
            </param>
          </params>
          <reporter-output>
          </reporter-output>
        </test-method> <!-- beforeTest -->
        <test-method signature="logIn(java.lang.String, java.lang.String)[pri:0, instance:com.atmecs.demo_blazesite.tests.LoginTest@3c153a1]" started-at="2020-10-12T15:01:39 IST" name="logIn" data-provider="login" finished-at="2020-10-12T15:01:39 IST" duration-ms="477" status="PASS">
          <params>
            <param index="0">
              <value>
                <![CDATA[swg]]>
              </value>
            </param>
            <param index="1">
              <value>
                <![CDATA[swg@11]]>
              </value>
            </param>
          </params>
          <reporter-output>
          </reporter-output>
        </test-method> <!-- logIn -->
        <test-method is-config="true" signature="afterTest()[pri:0, instance:com.atmecs.demo_blazesite.tests.LoginTest@3c153a1]" started-at="2020-10-12T15:01:39 IST" name="afterTest" finished-at="2020-10-12T15:01:43 IST" duration-ms="4338" status="PASS">
          <reporter-output>
          </reporter-output>
        </test-method> <!-- afterTest -->
        <test-method is-config="true" signature="beforeTest(java.lang.String)[pri:0, instance:com.atmecs.demo_blazesite.tests.LoginTest@3c153a1]" started-at="2020-10-12T15:01:43 IST" name="beforeTest" finished-at="2020-10-12T15:01:56 IST" duration-ms="12318" status="PASS">
          <params>
            <param index="0">
              <value>
                <![CDATA[chrome]]>
              </value>
            </param>
          </params>
          <reporter-output>
          </reporter-output>
        </test-method> <!-- beforeTest -->
        <test-method signature="logIn(java.lang.String, java.lang.String)[pri:0, instance:com.atmecs.demo_blazesite.tests.LoginTest@3c153a1]" started-at="2020-10-12T15:01:56 IST" name="logIn" data-provider="login" finished-at="2020-10-12T15:01:57 IST" duration-ms="907" status="PASS">
          <params>
            <param index="0">
              <value>
                <![CDATA[dev]]>
              </value>
            </param>
            <param index="1">
              <value>
                <![CDATA[Dev@13]]>
              </value>
            </param>
          </params>
          <reporter-output>
          </reporter-output>
        </test-method> <!-- logIn -->
        <test-method is-config="true" signature="afterTest()[pri:0, instance:com.atmecs.demo_blazesite.tests.LoginTest@3c153a1]" started-at="2020-10-12T15:01:57 IST" name="afterTest" finished-at="2020-10-12T15:01:58 IST" duration-ms="1165" status="PASS">
          <reporter-output>
          </reporter-output>
        </test-method> <!-- afterTest -->
        <test-method is-config="true" signature="beforeTest(java.lang.String)[pri:0, instance:com.atmecs.demo_blazesite.tests.LoginTest@3c153a1]" started-at="2020-10-12T15:01:58 IST" name="beforeTest" finished-at="2020-10-12T15:02:09 IST" duration-ms="11493" status="PASS">
          <params>
            <param index="0">
              <value>
                <![CDATA[chrome]]>
              </value>
            </param>
          </params>
          <reporter-output>
          </reporter-output>
        </test-method> <!-- beforeTest -->
        <test-method signature="logIn(java.lang.String, java.lang.String)[pri:0, instance:com.atmecs.demo_blazesite.tests.LoginTest@3c153a1]" started-at="2020-10-12T15:02:09 IST" name="logIn" data-provider="login" finished-at="2020-10-12T15:02:10 IST" duration-ms="508" status="PASS">
          <params>
            <param index="0">
              <value>
                <![CDATA[swg]]>
              </value>
            </param>
            <param index="1">
              <value>
                <![CDATA[swg@12]]>
              </value>
            </param>
          </params>
          <reporter-output>
          </reporter-output>
        </test-method> <!-- logIn -->
        <test-method is-config="true" signature="afterTest()[pri:0, instance:com.atmecs.demo_blazesite.tests.LoginTest@3c153a1]" started-at="2020-10-12T15:02:10 IST" name="afterTest" finished-at="2020-10-12T15:02:10 IST" duration-ms="423" status="PASS">
          <reporter-output>
          </reporter-output>
        </test-method> <!-- afterTest -->
        <test-method is-config="true" signature="beforeTest(java.lang.String)[pri:0, instance:com.atmecs.demo_blazesite.tests.LoginTest@3c153a1]" started-at="2020-10-12T15:02:10 IST" name="beforeTest" finished-at="2020-10-12T15:02:20 IST" duration-ms="9296" status="PASS">
          <params>
            <param index="0">
              <value>
                <![CDATA[chrome]]>
              </value>
            </param>
          </params>
          <reporter-output>
          </reporter-output>
        </test-method> <!-- beforeTest -->
        <test-method signature="logIn(java.lang.String, java.lang.String)[pri:0, instance:com.atmecs.demo_blazesite.tests.LoginTest@3c153a1]" started-at="2020-10-12T15:02:20 IST" name="logIn" data-provider="login" finished-at="2020-10-12T15:02:20 IST" duration-ms="623" status="PASS">
          <params>
            <param index="0">
              <value>
                <![CDATA[dev]]>
              </value>
            </param>
            <param index="1">
              <value>
                <![CDATA[Dev@14]]>
              </value>
            </param>
          </params>
          <reporter-output>
          </reporter-output>
        </test-method> <!-- logIn -->
        <test-method is-config="true" signature="afterTest()[pri:0, instance:com.atmecs.demo_blazesite.tests.LoginTest@3c153a1]" started-at="2020-10-12T15:02:20 IST" name="afterTest" finished-at="2020-10-12T15:02:25 IST" duration-ms="4522" status="PASS">
          <reporter-output>
          </reporter-output>
        </test-method> <!-- afterTest -->
      </class> <!-- com.atmecs.demo_blazesite.tests.LoginTest -->
    </test> <!-- test1 -->
    <test started-at="2020-10-12T14:58:50 IST" name="test2" finished-at="2020-10-12T15:02:27 IST" duration-ms="216577">
      <class name="com.atmecs.demo_blazesite.tests.ContactUsTest">
        <test-method is-config="true" signature="beforeTest(java.lang.String)[pri:0, instance:com.atmecs.demo_blazesite.tests.ContactUsTest@23986957]" started-at="2020-10-12T14:59:10 IST" name="beforeTest" finished-at="2020-10-12T14:59:19 IST" duration-ms="8624" status="PASS">
          <params>
            <param index="0">
              <value>
                <![CDATA[firefox]]>
              </value>
            </param>
          </params>
          <reporter-output>
          </reporter-output>
        </test-method> <!-- beforeTest -->
        <test-method signature="contactUs(java.lang.String, java.lang.String, java.lang.String)[pri:0, instance:com.atmecs.demo_blazesite.tests.ContactUsTest@23986957]" started-at="2020-10-12T14:59:19 IST" name="contactUs" data-provider="contact_us" finished-at="2020-10-12T14:59:20 IST" duration-ms="1197" status="PASS">
          <params>
            <param index="0">
              <value>
                <![CDATA[abc@gmail.com]]>
              </value>
            </param>
            <param index="1">
              <value>
                <![CDATA[abc]]>
              </value>
            </param>
            <param index="2">
              <value>
                <![CDATA[Good One]]>
              </value>
            </param>
          </params>
          <reporter-output>
          </reporter-output>
        </test-method> <!-- contactUs -->
        <test-method is-config="true" signature="afterTest()[pri:0, instance:com.atmecs.demo_blazesite.tests.ContactUsTest@23986957]" started-at="2020-10-12T14:59:20 IST" name="afterTest" finished-at="2020-10-12T14:59:24 IST" duration-ms="3822" status="PASS">
          <reporter-output>
          </reporter-output>
        </test-method> <!-- afterTest -->
        <test-method is-config="true" signature="beforeTest(java.lang.String)[pri:0, instance:com.atmecs.demo_blazesite.tests.ContactUsTest@23986957]" started-at="2020-10-12T14:59:24 IST" name="beforeTest" finished-at="2020-10-12T14:59:31 IST" duration-ms="7074" status="PASS">
          <params>
            <param index="0">
              <value>
                <![CDATA[firefox]]>
              </value>
            </param>
          </params>
          <reporter-output>
          </reporter-output>
        </test-method> <!-- beforeTest -->
        <test-method signature="contactUs(java.lang.String, java.lang.String, java.lang.String)[pri:0, instance:com.atmecs.demo_blazesite.tests.ContactUsTest@23986957]" started-at="2020-10-12T14:59:31 IST" name="contactUs" data-provider="contact_us" finished-at="2020-10-12T14:59:31 IST" duration-ms="631" status="PASS">
          <params>
            <param index="0">
              <value>
                <![CDATA[def@gmail.com]]>
              </value>
            </param>
            <param index="1">
              <value>
                <![CDATA[abc]]>
              </value>
            </param>
            <param index="2">
              <value>
                <![CDATA[Good One]]>
              </value>
            </param>
          </params>
          <reporter-output>
          </reporter-output>
        </test-method> <!-- contactUs -->
        <test-method is-config="true" signature="afterTest()[pri:0, instance:com.atmecs.demo_blazesite.tests.ContactUsTest@23986957]" started-at="2020-10-12T14:59:31 IST" name="afterTest" finished-at="2020-10-12T14:59:36 IST" duration-ms="4638" status="PASS">
          <reporter-output>
          </reporter-output>
        </test-method> <!-- afterTest -->
        <test-method is-config="true" signature="beforeTest(java.lang.String)[pri:0, instance:com.atmecs.demo_blazesite.tests.ContactUsTest@23986957]" started-at="2020-10-12T14:59:36 IST" name="beforeTest" finished-at="2020-10-12T14:59:42 IST" duration-ms="6382" status="PASS">
          <params>
            <param index="0">
              <value>
                <![CDATA[firefox]]>
              </value>
            </param>
          </params>
          <reporter-output>
          </reporter-output>
        </test-method> <!-- beforeTest -->
        <test-method signature="contactUs(java.lang.String, java.lang.String, java.lang.String)[pri:0, instance:com.atmecs.demo_blazesite.tests.ContactUsTest@23986957]" started-at="2020-10-12T14:59:42 IST" name="contactUs" data-provider="contact_us" finished-at="2020-10-12T14:59:43 IST" duration-ms="598" status="PASS">
          <params>
            <param index="0">
              <value>
                <![CDATA[abc@gmail.com]]>
              </value>
            </param>
            <param index="1">
              <value>
                <![CDATA[abc]]>
              </value>
            </param>
            <param index="2">
              <value>
                <![CDATA[Good One]]>
              </value>
            </param>
          </params>
          <reporter-output>
          </reporter-output>
        </test-method> <!-- contactUs -->
        <test-method is-config="true" signature="afterTest()[pri:0, instance:com.atmecs.demo_blazesite.tests.ContactUsTest@23986957]" started-at="2020-10-12T14:59:43 IST" name="afterTest" finished-at="2020-10-12T14:59:46 IST" duration-ms="2657" status="PASS">
          <reporter-output>
          </reporter-output>
        </test-method> <!-- afterTest -->
        <test-method is-config="true" signature="beforeTest(java.lang.String)[pri:0, instance:com.atmecs.demo_blazesite.tests.ContactUsTest@23986957]" started-at="2020-10-12T14:59:46 IST" name="beforeTest" finished-at="2020-10-12T14:59:53 IST" duration-ms="7478" status="PASS">
          <params>
            <param index="0">
              <value>
                <![CDATA[firefox]]>
              </value>
            </param>
          </params>
          <reporter-output>
          </reporter-output>
        </test-method> <!-- beforeTest -->
        <test-method signature="contactUs(java.lang.String, java.lang.String, java.lang.String)[pri:0, instance:com.atmecs.demo_blazesite.tests.ContactUsTest@23986957]" started-at="2020-10-12T14:59:53 IST" name="contactUs" data-provider="contact_us" finished-at="2020-10-12T14:59:54 IST" duration-ms="735" status="PASS">
          <params>
            <param index="0">
              <value>
                <![CDATA[def@gmail.com]]>
              </value>
            </param>
            <param index="1">
              <value>
                <![CDATA[abc]]>
              </value>
            </param>
            <param index="2">
              <value>
                <![CDATA[Good One]]>
              </value>
            </param>
          </params>
          <reporter-output>
          </reporter-output>
        </test-method> <!-- contactUs -->
        <test-method is-config="true" signature="afterTest()[pri:0, instance:com.atmecs.demo_blazesite.tests.ContactUsTest@23986957]" started-at="2020-10-12T14:59:54 IST" name="afterTest" finished-at="2020-10-12T14:59:57 IST" duration-ms="3472" status="PASS">
          <reporter-output>
          </reporter-output>
        </test-method> <!-- afterTest -->
        <test-method is-config="true" signature="beforeTest(java.lang.String)[pri:0, instance:com.atmecs.demo_blazesite.tests.ContactUsTest@23986957]" started-at="2020-10-12T14:59:57 IST" name="beforeTest" finished-at="2020-10-12T15:00:06 IST" duration-ms="9065" status="PASS">
          <params>
            <param index="0">
              <value>
                <![CDATA[firefox]]>
              </value>
            </param>
          </params>
          <reporter-output>
          </reporter-output>
        </test-method> <!-- beforeTest -->
        <test-method signature="contactUs(java.lang.String, java.lang.String, java.lang.String)[pri:0, instance:com.atmecs.demo_blazesite.tests.ContactUsTest@23986957]" started-at="2020-10-12T15:00:06 IST" name="contactUs" data-provider="contact_us" finished-at="2020-10-12T15:00:07 IST" duration-ms="761" status="PASS">
          <params>
            <param index="0">
              <value>
                <![CDATA[abc@gmail.com]]>
              </value>
            </param>
            <param index="1">
              <value>
                <![CDATA[abc]]>
              </value>
            </param>
            <param index="2">
              <value>
                <![CDATA[Good One]]>
              </value>
            </param>
          </params>
          <reporter-output>
          </reporter-output>
        </test-method> <!-- contactUs -->
        <test-method is-config="true" signature="afterTest()[pri:0, instance:com.atmecs.demo_blazesite.tests.ContactUsTest@23986957]" started-at="2020-10-12T15:00:07 IST" name="afterTest" finished-at="2020-10-12T15:00:11 IST" duration-ms="3845" status="PASS">
          <reporter-output>
          </reporter-output>
        </test-method> <!-- afterTest -->
        <test-method is-config="true" signature="beforeTest(java.lang.String)[pri:0, instance:com.atmecs.demo_blazesite.tests.ContactUsTest@23986957]" started-at="2020-10-12T15:00:11 IST" name="beforeTest" finished-at="2020-10-12T15:00:20 IST" duration-ms="8926" status="PASS">
          <params>
            <param index="0">
              <value>
                <![CDATA[firefox]]>
              </value>
            </param>
          </params>
          <reporter-output>
          </reporter-output>
        </test-method> <!-- beforeTest -->
        <test-method signature="contactUs(java.lang.String, java.lang.String, java.lang.String)[pri:0, instance:com.atmecs.demo_blazesite.tests.ContactUsTest@23986957]" started-at="2020-10-12T15:00:20 IST" name="contactUs" data-provider="contact_us" finished-at="2020-10-12T15:00:21 IST" duration-ms="910" status="PASS">
          <params>
            <param index="0">
              <value>
                <![CDATA[def@gmail.com]]>
              </value>
            </param>
            <param index="1">
              <value>
                <![CDATA[abc]]>
              </value>
            </param>
            <param index="2">
              <value>
                <![CDATA[Good One]]>
              </value>
            </param>
          </params>
          <reporter-output>
          </reporter-output>
        </test-method> <!-- contactUs -->
        <test-method is-config="true" signature="afterTest()[pri:0, instance:com.atmecs.demo_blazesite.tests.ContactUsTest@23986957]" started-at="2020-10-12T15:00:21 IST" name="afterTest" finished-at="2020-10-12T15:00:24 IST" duration-ms="3215" status="PASS">
          <reporter-output>
          </reporter-output>
        </test-method> <!-- afterTest -->
      </class> <!-- com.atmecs.demo_blazesite.tests.ContactUsTest -->
      <class name="com.atmecs.demo_blazesite.tests.SignInTest">
        <test-method is-config="true" signature="beforeTest(java.lang.String)[pri:0, instance:com.atmecs.demo_blazesite.tests.SignInTest@23f7d05d]" started-at="2020-10-12T15:00:24 IST" name="beforeTest" finished-at="2020-10-12T15:00:33 IST" duration-ms="8797" status="PASS">
          <params>
            <param index="0">
              <value>
                <![CDATA[firefox]]>
              </value>
            </param>
          </params>
          <reporter-output>
          </reporter-output>
        </test-method> <!-- beforeTest -->
        <test-method signature="signIn(java.lang.String, java.lang.String)[pri:0, instance:com.atmecs.demo_blazesite.tests.SignInTest@23f7d05d]" started-at="2020-10-12T15:00:33 IST" name="signIn" data-provider="login" finished-at="2020-10-12T15:00:34 IST" duration-ms="1155" status="PASS">
          <params>
            <param index="0">
              <value>
                <![CDATA[dev]]>
              </value>
            </param>
            <param index="1">
              <value>
                <![CDATA[Dev@12]]>
              </value>
            </param>
          </params>
          <reporter-output>
          </reporter-output>
        </test-method> <!-- signIn -->
        <test-method is-config="true" signature="afterTest()[pri:0, instance:com.atmecs.demo_blazesite.tests.SignInTest@23f7d05d]" started-at="2020-10-12T15:00:34 IST" name="afterTest" finished-at="2020-10-12T15:00:37 IST" duration-ms="3352" status="PASS">
          <reporter-output>
          </reporter-output>
        </test-method> <!-- afterTest -->
        <test-method is-config="true" signature="beforeTest(java.lang.String)[pri:0, instance:com.atmecs.demo_blazesite.tests.SignInTest@23f7d05d]" started-at="2020-10-12T15:00:37 IST" name="beforeTest" finished-at="2020-10-12T15:00:44 IST" duration-ms="6739" status="PASS">
          <params>
            <param index="0">
              <value>
                <![CDATA[firefox]]>
              </value>
            </param>
          </params>
          <reporter-output>
          </reporter-output>
        </test-method> <!-- beforeTest -->
        <test-method signature="signIn(java.lang.String, java.lang.String)[pri:0, instance:com.atmecs.demo_blazesite.tests.SignInTest@23f7d05d]" started-at="2020-10-12T15:00:44 IST" name="signIn" data-provider="login" finished-at="2020-10-12T15:00:46 IST" duration-ms="2252" status="PASS">
          <params>
            <param index="0">
              <value>
                <![CDATA[swg]]>
              </value>
            </param>
            <param index="1">
              <value>
                <![CDATA[swg@11]]>
              </value>
            </param>
          </params>
          <reporter-output>
          </reporter-output>
        </test-method> <!-- signIn -->
        <test-method is-config="true" signature="afterTest()[pri:0, instance:com.atmecs.demo_blazesite.tests.SignInTest@23f7d05d]" started-at="2020-10-12T15:00:46 IST" name="afterTest" finished-at="2020-10-12T15:00:49 IST" duration-ms="2852" status="PASS">
          <reporter-output>
          </reporter-output>
        </test-method> <!-- afterTest -->
        <test-method is-config="true" signature="beforeTest(java.lang.String)[pri:0, instance:com.atmecs.demo_blazesite.tests.SignInTest@23f7d05d]" started-at="2020-10-12T15:00:49 IST" name="beforeTest" finished-at="2020-10-12T15:00:56 IST" duration-ms="6705" status="PASS">
          <params>
            <param index="0">
              <value>
                <![CDATA[firefox]]>
              </value>
            </param>
          </params>
          <reporter-output>
          </reporter-output>
        </test-method> <!-- beforeTest -->
        <test-method signature="signIn(java.lang.String, java.lang.String)[pri:0, instance:com.atmecs.demo_blazesite.tests.SignInTest@23f7d05d]" started-at="2020-10-12T15:00:56 IST" name="signIn" data-provider="login" finished-at="2020-10-12T15:00:58 IST" duration-ms="1772" status="PASS">
          <params>
            <param index="0">
              <value>
                <![CDATA[dev]]>
              </value>
            </param>
            <param index="1">
              <value>
                <![CDATA[Dev@13]]>
              </value>
            </param>
          </params>
          <reporter-output>
          </reporter-output>
        </test-method> <!-- signIn -->
        <test-method is-config="true" signature="afterTest()[pri:0, instance:com.atmecs.demo_blazesite.tests.SignInTest@23f7d05d]" started-at="2020-10-12T15:00:58 IST" name="afterTest" finished-at="2020-10-12T15:01:01 IST" duration-ms="3470" status="PASS">
          <reporter-output>
          </reporter-output>
        </test-method> <!-- afterTest -->
        <test-method is-config="true" signature="beforeTest(java.lang.String)[pri:0, instance:com.atmecs.demo_blazesite.tests.SignInTest@23f7d05d]" started-at="2020-10-12T15:01:01 IST" name="beforeTest" finished-at="2020-10-12T15:01:08 IST" duration-ms="7083" status="PASS">
          <params>
            <param index="0">
              <value>
                <![CDATA[firefox]]>
              </value>
            </param>
          </params>
          <reporter-output>
          </reporter-output>
        </test-method> <!-- beforeTest -->
        <test-method signature="signIn(java.lang.String, java.lang.String)[pri:0, instance:com.atmecs.demo_blazesite.tests.SignInTest@23f7d05d]" started-at="2020-10-12T15:01:08 IST" name="signIn" data-provider="login" finished-at="2020-10-12T15:01:10 IST" duration-ms="1673" status="PASS">
          <params>
            <param index="0">
              <value>
                <![CDATA[swg]]>
              </value>
            </param>
            <param index="1">
              <value>
                <![CDATA[swg@12]]>
              </value>
            </param>
          </params>
          <reporter-output>
          </reporter-output>
        </test-method> <!-- signIn -->
        <test-method is-config="true" signature="afterTest()[pri:0, instance:com.atmecs.demo_blazesite.tests.SignInTest@23f7d05d]" started-at="2020-10-12T15:01:10 IST" name="afterTest" finished-at="2020-10-12T15:01:13 IST" duration-ms="2858" status="PASS">
          <reporter-output>
          </reporter-output>
        </test-method> <!-- afterTest -->
        <test-method is-config="true" signature="beforeTest(java.lang.String)[pri:0, instance:com.atmecs.demo_blazesite.tests.SignInTest@23f7d05d]" started-at="2020-10-12T15:01:13 IST" name="beforeTest" finished-at="2020-10-12T15:01:23 IST" duration-ms="10708" status="PASS">
          <params>
            <param index="0">
              <value>
                <![CDATA[firefox]]>
              </value>
            </param>
          </params>
          <reporter-output>
          </reporter-output>
        </test-method> <!-- beforeTest -->
        <test-method signature="signIn(java.lang.String, java.lang.String)[pri:0, instance:com.atmecs.demo_blazesite.tests.SignInTest@23f7d05d]" started-at="2020-10-12T15:01:23 IST" name="signIn" data-provider="login" finished-at="2020-10-12T15:01:25 IST" duration-ms="1829" status="PASS">
          <params>
            <param index="0">
              <value>
                <![CDATA[dev]]>
              </value>
            </param>
            <param index="1">
              <value>
                <![CDATA[Dev@14]]>
              </value>
            </param>
          </params>
          <reporter-output>
          </reporter-output>
        </test-method> <!-- signIn -->
        <test-method is-config="true" signature="afterTest()[pri:0, instance:com.atmecs.demo_blazesite.tests.SignInTest@23f7d05d]" started-at="2020-10-12T15:01:25 IST" name="afterTest" finished-at="2020-10-12T15:01:28 IST" duration-ms="2646" status="PASS">
          <reporter-output>
          </reporter-output>
        </test-method> <!-- afterTest -->
      </class> <!-- com.atmecs.demo_blazesite.tests.SignInTest -->
      <class name="com.atmecs.demo_blazesite.tests.AddProductTest">
        <test-method is-config="true" signature="beforeTest(java.lang.String)[pri:0, instance:com.atmecs.demo_blazesite.tests.AddProductTest@4c15e7fd]" started-at="2020-10-12T14:58:50 IST" name="beforeTest" finished-at="2020-10-12T14:59:02 IST" duration-ms="11229" status="PASS">
          <params>
            <param index="0">
              <value>
                <![CDATA[firefox]]>
              </value>
            </param>
          </params>
          <reporter-output>
          </reporter-output>
        </test-method> <!-- beforeTest -->
        <test-method signature="addProduct()[pri:0, instance:com.atmecs.demo_blazesite.tests.AddProductTest@4c15e7fd]" started-at="2020-10-12T14:59:02 IST" name="addProduct" finished-at="2020-10-12T14:59:07 IST" duration-ms="5090" status="PASS">
          <reporter-output>
          </reporter-output>
        </test-method> <!-- addProduct -->
        <test-method is-config="true" signature="afterTest()[pri:0, instance:com.atmecs.demo_blazesite.tests.AddProductTest@4c15e7fd]" started-at="2020-10-12T14:59:07 IST" name="afterTest" finished-at="2020-10-12T14:59:10 IST" duration-ms="3236" status="PASS">
          <reporter-output>
          </reporter-output>
        </test-method> <!-- afterTest -->
      </class> <!-- com.atmecs.demo_blazesite.tests.AddProductTest -->
      <class name="com.atmecs.demo_blazesite.tests.LoginTest">
        <test-method is-config="true" signature="beforeTest(java.lang.String)[pri:0, instance:com.atmecs.demo_blazesite.tests.LoginTest@1e730495]" started-at="2020-10-12T15:01:28 IST" name="beforeTest" finished-at="2020-10-12T15:01:36 IST" duration-ms="8363" status="PASS">
          <params>
            <param index="0">
              <value>
                <![CDATA[firefox]]>
              </value>
            </param>
          </params>
          <reporter-output>
          </reporter-output>
        </test-method> <!-- beforeTest -->
        <test-method signature="logIn(java.lang.String, java.lang.String)[pri:0, instance:com.atmecs.demo_blazesite.tests.LoginTest@1e730495]" started-at="2020-10-12T15:01:36 IST" name="logIn" data-provider="login" finished-at="2020-10-12T15:01:37 IST" duration-ms="659" status="PASS">
          <params>
            <param index="0">
              <value>
                <![CDATA[dev]]>
              </value>
            </param>
            <param index="1">
              <value>
                <![CDATA[Dev@12]]>
              </value>
            </param>
          </params>
          <reporter-output>
          </reporter-output>
        </test-method> <!-- logIn -->
        <test-method is-config="true" signature="afterTest()[pri:0, instance:com.atmecs.demo_blazesite.tests.LoginTest@1e730495]" started-at="2020-10-12T15:01:37 IST" name="afterTest" finished-at="2020-10-12T15:01:40 IST" duration-ms="3089" status="PASS">
          <reporter-output>
          </reporter-output>
        </test-method> <!-- afterTest -->
        <test-method is-config="true" signature="beforeTest(java.lang.String)[pri:0, instance:com.atmecs.demo_blazesite.tests.LoginTest@1e730495]" started-at="2020-10-12T15:01:40 IST" name="beforeTest" finished-at="2020-10-12T15:01:47 IST" duration-ms="7217" status="PASS">
          <params>
            <param index="0">
              <value>
                <![CDATA[firefox]]>
              </value>
            </param>
          </params>
          <reporter-output>
          </reporter-output>
        </test-method> <!-- beforeTest -->
        <test-method signature="logIn(java.lang.String, java.lang.String)[pri:0, instance:com.atmecs.demo_blazesite.tests.LoginTest@1e730495]" started-at="2020-10-12T15:01:47 IST" name="logIn" data-provider="login" finished-at="2020-10-12T15:01:48 IST" duration-ms="666" status="PASS">
          <params>
            <param index="0">
              <value>
                <![CDATA[swg]]>
              </value>
            </param>
            <param index="1">
              <value>
                <![CDATA[swg@11]]>
              </value>
            </param>
          </params>
          <reporter-output>
          </reporter-output>
        </test-method> <!-- logIn -->
        <test-method is-config="true" signature="afterTest()[pri:0, instance:com.atmecs.demo_blazesite.tests.LoginTest@1e730495]" started-at="2020-10-12T15:01:48 IST" name="afterTest" finished-at="2020-10-12T15:01:51 IST" duration-ms="2747" status="PASS">
          <reporter-output>
          </reporter-output>
        </test-method> <!-- afterTest -->
        <test-method is-config="true" signature="beforeTest(java.lang.String)[pri:0, instance:com.atmecs.demo_blazesite.tests.LoginTest@1e730495]" started-at="2020-10-12T15:01:51 IST" name="beforeTest" finished-at="2020-10-12T15:01:58 IST" duration-ms="6879" status="PASS">
          <params>
            <param index="0">
              <value>
                <![CDATA[firefox]]>
              </value>
            </param>
          </params>
          <reporter-output>
          </reporter-output>
        </test-method> <!-- beforeTest -->
        <test-method signature="logIn(java.lang.String, java.lang.String)[pri:0, instance:com.atmecs.demo_blazesite.tests.LoginTest@1e730495]" started-at="2020-10-12T15:01:58 IST" name="logIn" data-provider="login" finished-at="2020-10-12T15:01:58 IST" duration-ms="596" status="PASS">
          <params>
            <param index="0">
              <value>
                <![CDATA[dev]]>
              </value>
            </param>
            <param index="1">
              <value>
                <![CDATA[Dev@13]]>
              </value>
            </param>
          </params>
          <reporter-output>
          </reporter-output>
        </test-method> <!-- logIn -->
        <test-method is-config="true" signature="afterTest()[pri:0, instance:com.atmecs.demo_blazesite.tests.LoginTest@1e730495]" started-at="2020-10-12T15:01:58 IST" name="afterTest" finished-at="2020-10-12T15:02:02 IST" duration-ms="3581" status="PASS">
          <reporter-output>
          </reporter-output>
        </test-method> <!-- afterTest -->
        <test-method is-config="true" signature="beforeTest(java.lang.String)[pri:0, instance:com.atmecs.demo_blazesite.tests.LoginTest@1e730495]" started-at="2020-10-12T15:02:02 IST" name="beforeTest" finished-at="2020-10-12T15:02:10 IST" duration-ms="7904" status="PASS">
          <params>
            <param index="0">
              <value>
                <![CDATA[firefox]]>
              </value>
            </param>
          </params>
          <reporter-output>
          </reporter-output>
        </test-method> <!-- beforeTest -->
        <test-method signature="logIn(java.lang.String, java.lang.String)[pri:0, instance:com.atmecs.demo_blazesite.tests.LoginTest@1e730495]" started-at="2020-10-12T15:02:10 IST" name="logIn" data-provider="login" finished-at="2020-10-12T15:02:10 IST" duration-ms="768" status="PASS">
          <params>
            <param index="0">
              <value>
                <![CDATA[swg]]>
              </value>
            </param>
            <param index="1">
              <value>
                <![CDATA[swg@12]]>
              </value>
            </param>
          </params>
          <reporter-output>
          </reporter-output>
        </test-method> <!-- logIn -->
        <test-method is-config="true" signature="afterTest()[pri:0, instance:com.atmecs.demo_blazesite.tests.LoginTest@1e730495]" started-at="2020-10-12T15:02:10 IST" name="afterTest" finished-at="2020-10-12T15:02:14 IST" duration-ms="3685" status="PASS">
          <reporter-output>
          </reporter-output>
        </test-method> <!-- afterTest -->
        <test-method is-config="true" signature="beforeTest(java.lang.String)[pri:0, instance:com.atmecs.demo_blazesite.tests.LoginTest@1e730495]" started-at="2020-10-12T15:02:14 IST" name="beforeTest" finished-at="2020-10-12T15:02:23 IST" duration-ms="9282" status="PASS">
          <params>
            <param index="0">
              <value>
                <![CDATA[firefox]]>
              </value>
            </param>
          </params>
          <reporter-output>
          </reporter-output>
        </test-method> <!-- beforeTest -->
        <test-method signature="logIn(java.lang.String, java.lang.String)[pri:0, instance:com.atmecs.demo_blazesite.tests.LoginTest@1e730495]" started-at="2020-10-12T15:02:23 IST" name="logIn" data-provider="login" finished-at="2020-10-12T15:02:24 IST" duration-ms="576" status="PASS">
          <params>
            <param index="0">
              <value>
                <![CDATA[dev]]>
              </value>
            </param>
            <param index="1">
              <value>
                <![CDATA[Dev@14]]>
              </value>
            </param>
          </params>
          <reporter-output>
          </reporter-output>
        </test-method> <!-- logIn -->
        <test-method is-config="true" signature="afterTest()[pri:0, instance:com.atmecs.demo_blazesite.tests.LoginTest@1e730495]" started-at="2020-10-12T15:02:24 IST" name="afterTest" finished-at="2020-10-12T15:02:27 IST" duration-ms="2904" status="PASS">
          <reporter-output>
          </reporter-output>
        </test-method> <!-- afterTest -->
      </class> <!-- com.atmecs.demo_blazesite.tests.LoginTest -->
    </test> <!-- test2 -->
  </suite> <!-- Suite -->
</testng-results>
