<?xml version="1.0" encoding="UTF-8"?>
<testng-results ignored="0" total="17" passed="17" failed="0" skipped="0">
  <reporter-output>
  </reporter-output>
  <suite started-at="2020-10-05T08:40:27 IST" name="Suite" finished-at="2020-10-05T08:43:46 IST" duration-ms="199881">
    <groups>
    </groups>
    <test started-at="2020-10-05T08:40:27 IST" name="Test" finished-at="2020-10-05T08:43:46 IST" duration-ms="199881">
      <class name="com.atmecs.demo_blazesite.tests.Login">
        <test-method is-config="true" signature="beforeTest()[pri:0, instance:com.atmecs.demo_blazesite.tests.Login@21129f1f]" started-at="2020-10-05T08:43:03 IST" name="beforeTest" finished-at="2020-10-05T08:43:11 IST" duration-ms="7722" status="PASS">
          <reporter-output>
          </reporter-output>
        </test-method> <!-- beforeTest -->
        <test-method signature="logIn(java.lang.String, java.lang.String)[pri:0, instance:com.atmecs.demo_blazesite.tests.Login@21129f1f]" started-at="2020-10-05T08:43:11 IST" name="logIn" data-provider="readData" finished-at="2020-10-05T08:43:11 IST" duration-ms="409" status="PASS">
          <params>
            <param index="0">
              <value>
                <![CDATA[dev]]>
              </value>
            </param>
            <param index="1">
              <value>
                <![CDATA[Dev@12]]>
              </value>
            </param>
          </params>
          <reporter-output>
          </reporter-output>
        </test-method> <!-- logIn -->
        <test-method is-config="true" signature="afterTest()[pri:0, instance:com.atmecs.demo_blazesite.tests.Login@21129f1f]" started-at="2020-10-05T08:43:11 IST" name="afterTest" finished-at="2020-10-05T08:43:11 IST" duration-ms="289" status="PASS">
          <reporter-output>
          </reporter-output>
        </test-method> <!-- afterTest -->
        <test-method is-config="true" signature="beforeTest()[pri:0, instance:com.atmecs.demo_blazesite.tests.Login@21129f1f]" started-at="2020-10-05T08:43:11 IST" name="beforeTest" finished-at="2020-10-05T08:43:18 IST" duration-ms="6758" status="PASS">
          <reporter-output>
          </reporter-output>
        </test-method> <!-- beforeTest -->
        <test-method signature="logIn(java.lang.String, java.lang.String)[pri:0, instance:com.atmecs.demo_blazesite.tests.Login@21129f1f]" started-at="2020-10-05T08:43:18 IST" name="logIn" data-provider="readData" finished-at="2020-10-05T08:43:19 IST" duration-ms="479" status="PASS">
          <params>
            <param index="0">
              <value>
                <![CDATA[swg]]>
              </value>
            </param>
            <param index="1">
              <value>
                <![CDATA[swg@11]]>
              </value>
            </param>
          </params>
          <reporter-output>
          </reporter-output>
        </test-method> <!-- logIn -->
        <test-method is-config="true" signature="afterTest()[pri:0, instance:com.atmecs.demo_blazesite.tests.Login@21129f1f]" started-at="2020-10-05T08:43:19 IST" name="afterTest" finished-at="2020-10-05T08:43:19 IST" duration-ms="311" status="PASS">
          <reporter-output>
          </reporter-output>
        </test-method> <!-- afterTest -->
        <test-method is-config="true" signature="beforeTest()[pri:0, instance:com.atmecs.demo_blazesite.tests.Login@21129f1f]" started-at="2020-10-05T08:43:19 IST" name="beforeTest" finished-at="2020-10-05T08:43:26 IST" duration-ms="7020" status="PASS">
          <reporter-output>
          </reporter-output>
        </test-method> <!-- beforeTest -->
        <test-method signature="logIn(java.lang.String, java.lang.String)[pri:0, instance:com.atmecs.demo_blazesite.tests.Login@21129f1f]" started-at="2020-10-05T08:43:26 IST" name="logIn" data-provider="readData" finished-at="2020-10-05T08:43:26 IST" duration-ms="419" status="PASS">
          <params>
            <param index="0">
              <value>
                <![CDATA[dev]]>
              </value>
            </param>
            <param index="1">
              <value>
                <![CDATA[Dev@13]]>
              </value>
            </param>
          </params>
          <reporter-output>
          </reporter-output>
        </test-method> <!-- logIn -->
        <test-method is-config="true" signature="afterTest()[pri:0, instance:com.atmecs.demo_blazesite.tests.Login@21129f1f]" started-at="2020-10-05T08:43:26 IST" name="afterTest" finished-at="2020-10-05T08:43:27 IST" duration-ms="292" status="PASS">
          <reporter-output>
          </reporter-output>
        </test-method> <!-- afterTest -->
        <test-method is-config="true" signature="beforeTest()[pri:0, instance:com.atmecs.demo_blazesite.tests.Login@21129f1f]" started-at="2020-10-05T08:43:27 IST" name="beforeTest" finished-at="2020-10-05T08:43:34 IST" duration-ms="6894" status="PASS">
          <reporter-output>
          </reporter-output>
        </test-method> <!-- beforeTest -->
        <test-method signature="logIn(java.lang.String, java.lang.String)[pri:0, instance:com.atmecs.demo_blazesite.tests.Login@21129f1f]" started-at="2020-10-05T08:43:34 IST" name="logIn" data-provider="readData" finished-at="2020-10-05T08:43:34 IST" duration-ms="393" status="PASS">
          <params>
            <param index="0">
              <value>
                <![CDATA[swg]]>
              </value>
            </param>
            <param index="1">
              <value>
                <![CDATA[swg@12]]>
              </value>
            </param>
          </params>
          <reporter-output>
          </reporter-output>
        </test-method> <!-- logIn -->
        <test-method is-config="true" signature="afterTest()[pri:0, instance:com.atmecs.demo_blazesite.tests.Login@21129f1f]" started-at="2020-10-05T08:43:34 IST" name="afterTest" finished-at="2020-10-05T08:43:38 IST" duration-ms="4325" status="PASS">
          <reporter-output>
          </reporter-output>
        </test-method> <!-- afterTest -->
        <test-method is-config="true" signature="beforeTest()[pri:0, instance:com.atmecs.demo_blazesite.tests.Login@21129f1f]" started-at="2020-10-05T08:43:38 IST" name="beforeTest" finished-at="2020-10-05T08:43:46 IST" duration-ms="7457" status="PASS">
          <reporter-output>
          </reporter-output>
        </test-method> <!-- beforeTest -->
        <test-method signature="logIn(java.lang.String, java.lang.String)[pri:0, instance:com.atmecs.demo_blazesite.tests.Login@21129f1f]" started-at="2020-10-05T08:43:46 IST" name="logIn" data-provider="readData" finished-at="2020-10-05T08:43:46 IST" duration-ms="403" status="PASS">
          <params>
            <param index="0">
              <value>
                <![CDATA[dev]]>
              </value>
            </param>
            <param index="1">
              <value>
                <![CDATA[Dev@14]]>
              </value>
            </param>
          </params>
          <reporter-output>
          </reporter-output>
        </test-method> <!-- logIn -->
        <test-method is-config="true" signature="afterTest()[pri:0, instance:com.atmecs.demo_blazesite.tests.Login@21129f1f]" started-at="2020-10-05T08:43:46 IST" name="afterTest" finished-at="2020-10-05T08:43:46 IST" duration-ms="326" status="PASS">
          <reporter-output>
          </reporter-output>
        </test-method> <!-- afterTest -->
      </class> <!-- com.atmecs.demo_blazesite.tests.Login -->
      <class name="com.atmecs.demo_blazesite.tests.ContactUs">
        <test-method is-config="true" signature="beforeTest()[pri:0, instance:com.atmecs.demo_blazesite.tests.ContactUs@6853425f]" started-at="2020-10-05T08:40:49 IST" name="beforeTest" finished-at="2020-10-05T08:40:58 IST" duration-ms="8073" status="PASS">
          <reporter-output>
          </reporter-output>
        </test-method> <!-- beforeTest -->
        <test-method signature="contactUs(java.lang.String, java.lang.String, java.lang.String)[pri:0, instance:com.atmecs.demo_blazesite.tests.ContactUs@6853425f]" started-at="2020-10-05T08:40:58 IST" name="contactUs" data-provider="readData" finished-at="2020-10-05T08:40:58 IST" duration-ms="553" status="PASS">
          <params>
            <param index="0">
              <value>
                <![CDATA[abc@gmail.com]]>
              </value>
            </param>
            <param index="1">
              <value>
                <![CDATA[abc]]>
              </value>
            </param>
            <param index="2">
              <value>
                <![CDATA[Good One]]>
              </value>
            </param>
          </params>
          <reporter-output>
          </reporter-output>
        </test-method> <!-- contactUs -->
        <test-method is-config="true" signature="afterTest()[pri:0, instance:com.atmecs.demo_blazesite.tests.ContactUs@6853425f]" started-at="2020-10-05T08:40:58 IST" name="afterTest" finished-at="2020-10-05T08:41:02 IST" duration-ms="4321" status="PASS">
          <reporter-output>
          </reporter-output>
        </test-method> <!-- afterTest -->
        <test-method is-config="true" signature="beforeTest()[pri:0, instance:com.atmecs.demo_blazesite.tests.ContactUs@6853425f]" started-at="2020-10-05T08:41:02 IST" name="beforeTest" finished-at="2020-10-05T08:41:10 IST" duration-ms="7092" status="PASS">
          <reporter-output>
          </reporter-output>
        </test-method> <!-- beforeTest -->
        <test-method signature="contactUs(java.lang.String, java.lang.String, java.lang.String)[pri:0, instance:com.atmecs.demo_blazesite.tests.ContactUs@6853425f]" started-at="2020-10-05T08:41:10 IST" name="contactUs" data-provider="readData" finished-at="2020-10-05T08:41:10 IST" duration-ms="527" status="PASS">
          <params>
            <param index="0">
              <value>
                <![CDATA[def@gmail.com]]>
              </value>
            </param>
            <param index="1">
              <value>
                <![CDATA[abc]]>
              </value>
            </param>
            <param index="2">
              <value>
                <![CDATA[Good One]]>
              </value>
            </param>
          </params>
          <reporter-output>
          </reporter-output>
        </test-method> <!-- contactUs -->
        <test-method is-config="true" signature="afterTest()[pri:0, instance:com.atmecs.demo_blazesite.tests.ContactUs@6853425f]" started-at="2020-10-05T08:41:10 IST" name="afterTest" finished-at="2020-10-05T08:41:10 IST" duration-ms="259" status="PASS">
          <reporter-output>
          </reporter-output>
        </test-method> <!-- afterTest -->
        <test-method is-config="true" signature="beforeTest()[pri:0, instance:com.atmecs.demo_blazesite.tests.ContactUs@6853425f]" started-at="2020-10-05T08:41:10 IST" name="beforeTest" finished-at="2020-10-05T08:41:18 IST" duration-ms="7585" status="PASS">
          <reporter-output>
          </reporter-output>
        </test-method> <!-- beforeTest -->
        <test-method signature="contactUs(java.lang.String, java.lang.String, java.lang.String)[pri:0, instance:com.atmecs.demo_blazesite.tests.ContactUs@6853425f]" started-at="2020-10-05T08:41:18 IST" name="contactUs" data-provider="readData" finished-at="2020-10-05T08:41:18 IST" duration-ms="491" status="PASS">
          <params>
            <param index="0">
              <value>
                <![CDATA[abc@gmail.com]]>
              </value>
            </param>
            <param index="1">
              <value>
                <![CDATA[abc]]>
              </value>
            </param>
            <param index="2">
              <value>
                <![CDATA[Good One]]>
              </value>
            </param>
          </params>
          <reporter-output>
          </reporter-output>
        </test-method> <!-- contactUs -->
        <test-method is-config="true" signature="afterTest()[pri:0, instance:com.atmecs.demo_blazesite.tests.ContactUs@6853425f]" started-at="2020-10-05T08:41:18 IST" name="afterTest" finished-at="2020-10-05T08:41:23 IST" duration-ms="4319" status="PASS">
          <reporter-output>
          </reporter-output>
        </test-method> <!-- afterTest -->
        <test-method is-config="true" signature="beforeTest()[pri:0, instance:com.atmecs.demo_blazesite.tests.ContactUs@6853425f]" started-at="2020-10-05T08:41:23 IST" name="beforeTest" finished-at="2020-10-05T08:41:30 IST" duration-ms="7106" status="PASS">
          <reporter-output>
          </reporter-output>
        </test-method> <!-- beforeTest -->
        <test-method signature="contactUs(java.lang.String, java.lang.String, java.lang.String)[pri:0, instance:com.atmecs.demo_blazesite.tests.ContactUs@6853425f]" started-at="2020-10-05T08:41:30 IST" name="contactUs" data-provider="readData" finished-at="2020-10-05T08:41:30 IST" duration-ms="525" status="PASS">
          <params>
            <param index="0">
              <value>
                <![CDATA[def@gmail.com]]>
              </value>
            </param>
            <param index="1">
              <value>
                <![CDATA[abc]]>
              </value>
            </param>
            <param index="2">
              <value>
                <![CDATA[Good One]]>
              </value>
            </param>
          </params>
          <reporter-output>
          </reporter-output>
        </test-method> <!-- contactUs -->
        <test-method is-config="true" signature="afterTest()[pri:0, instance:com.atmecs.demo_blazesite.tests.ContactUs@6853425f]" started-at="2020-10-05T08:41:30 IST" name="afterTest" finished-at="2020-10-05T08:41:31 IST" duration-ms="265" status="PASS">
          <reporter-output>
          </reporter-output>
        </test-method> <!-- afterTest -->
        <test-method is-config="true" signature="beforeTest()[pri:0, instance:com.atmecs.demo_blazesite.tests.ContactUs@6853425f]" started-at="2020-10-05T08:41:31 IST" name="beforeTest" finished-at="2020-10-05T08:41:38 IST" duration-ms="7181" status="PASS">
          <reporter-output>
          </reporter-output>
        </test-method> <!-- beforeTest -->
        <test-method signature="contactUs(java.lang.String, java.lang.String, java.lang.String)[pri:0, instance:com.atmecs.demo_blazesite.tests.ContactUs@6853425f]" started-at="2020-10-05T08:41:38 IST" name="contactUs" data-provider="readData" finished-at="2020-10-05T08:41:38 IST" duration-ms="535" status="PASS">
          <params>
            <param index="0">
              <value>
                <![CDATA[abc@gmail.com]]>
              </value>
            </param>
            <param index="1">
              <value>
                <![CDATA[abc]]>
              </value>
            </param>
            <param index="2">
              <value>
                <![CDATA[Good One]]>
              </value>
            </param>
          </params>
          <reporter-output>
          </reporter-output>
        </test-method> <!-- contactUs -->
        <test-method is-config="true" signature="afterTest()[pri:0, instance:com.atmecs.demo_blazesite.tests.ContactUs@6853425f]" started-at="2020-10-05T08:41:38 IST" name="afterTest" finished-at="2020-10-05T08:41:42 IST" duration-ms="4109" status="PASS">
          <reporter-output>
          </reporter-output>
        </test-method> <!-- afterTest -->
        <test-method is-config="true" signature="beforeTest()[pri:0, instance:com.atmecs.demo_blazesite.tests.ContactUs@6853425f]" started-at="2020-10-05T08:41:42 IST" name="beforeTest" finished-at="2020-10-05T08:41:50 IST" duration-ms="7447" status="PASS">
          <reporter-output>
          </reporter-output>
        </test-method> <!-- beforeTest -->
        <test-method signature="contactUs(java.lang.String, java.lang.String, java.lang.String)[pri:0, instance:com.atmecs.demo_blazesite.tests.ContactUs@6853425f]" started-at="2020-10-05T08:41:50 IST" name="contactUs" data-provider="readData" finished-at="2020-10-05T08:41:51 IST" duration-ms="623" status="PASS">
          <params>
            <param index="0">
              <value>
                <![CDATA[def@gmail.com]]>
              </value>
            </param>
            <param index="1">
              <value>
                <![CDATA[abc]]>
              </value>
            </param>
            <param index="2">
              <value>
                <![CDATA[Good One]]>
              </value>
            </param>
          </params>
          <reporter-output>
          </reporter-output>
        </test-method> <!-- contactUs -->
        <test-method is-config="true" signature="afterTest()[pri:0, instance:com.atmecs.demo_blazesite.tests.ContactUs@6853425f]" started-at="2020-10-05T08:41:51 IST" name="afterTest" finished-at="2020-10-05T08:41:55 IST" duration-ms="4114" status="PASS">
          <reporter-output>
          </reporter-output>
        </test-method> <!-- afterTest -->
      </class> <!-- com.atmecs.demo_blazesite.tests.ContactUs -->
      <class name="com.atmecs.demo_blazesite.tests.SignIn">
        <test-method is-config="true" signature="beforeTest()[pri:0, instance:com.atmecs.demo_blazesite.tests.SignIn@352c1b98]" started-at="2020-10-05T08:41:55 IST" name="beforeTest" finished-at="2020-10-05T08:42:02 IST" duration-ms="7088" status="PASS">
          <reporter-output>
          </reporter-output>
        </test-method> <!-- beforeTest -->
        <test-method signature="signIn(java.lang.String, java.lang.String)[pri:0, instance:com.atmecs.demo_blazesite.tests.SignIn@352c1b98]" started-at="2020-10-05T08:42:02 IST" name="signIn" data-provider="readData" finished-at="2020-10-05T08:42:04 IST" duration-ms="2107" status="PASS">
          <params>
            <param index="0">
              <value>
                <![CDATA[dev]]>
              </value>
            </param>
            <param index="1">
              <value>
                <![CDATA[Dev@12]]>
              </value>
            </param>
          </params>
          <reporter-output>
          </reporter-output>
        </test-method> <!-- signIn -->
        <test-method is-config="true" signature="afterTest()[pri:0, instance:com.atmecs.demo_blazesite.tests.SignIn@352c1b98]" started-at="2020-10-05T08:42:04 IST" name="afterTest" finished-at="2020-10-05T08:42:08 IST" duration-ms="4333" status="PASS">
          <reporter-output>
          </reporter-output>
        </test-method> <!-- afterTest -->
        <test-method is-config="true" signature="beforeTest()[pri:0, instance:com.atmecs.demo_blazesite.tests.SignIn@352c1b98]" started-at="2020-10-05T08:42:08 IST" name="beforeTest" finished-at="2020-10-05T08:42:15 IST" duration-ms="7035" status="PASS">
          <reporter-output>
          </reporter-output>
        </test-method> <!-- beforeTest -->
        <test-method signature="signIn(java.lang.String, java.lang.String)[pri:0, instance:com.atmecs.demo_blazesite.tests.SignIn@352c1b98]" started-at="2020-10-05T08:42:15 IST" name="signIn" data-provider="readData" finished-at="2020-10-05T08:42:17 IST" duration-ms="1945" status="PASS">
          <params>
            <param index="0">
              <value>
                <![CDATA[swg]]>
              </value>
            </param>
            <param index="1">
              <value>
                <![CDATA[swg@11]]>
              </value>
            </param>
          </params>
          <reporter-output>
          </reporter-output>
        </test-method> <!-- signIn -->
        <test-method is-config="true" signature="afterTest()[pri:0, instance:com.atmecs.demo_blazesite.tests.SignIn@352c1b98]" started-at="2020-10-05T08:42:17 IST" name="afterTest" finished-at="2020-10-05T08:42:22 IST" duration-ms="4329" status="PASS">
          <reporter-output>
          </reporter-output>
        </test-method> <!-- afterTest -->
        <test-method is-config="true" signature="beforeTest()[pri:0, instance:com.atmecs.demo_blazesite.tests.SignIn@352c1b98]" started-at="2020-10-05T08:42:22 IST" name="beforeTest" finished-at="2020-10-05T08:42:29 IST" duration-ms="7082" status="PASS">
          <reporter-output>
          </reporter-output>
        </test-method> <!-- beforeTest -->
        <test-method signature="signIn(java.lang.String, java.lang.String)[pri:0, instance:com.atmecs.demo_blazesite.tests.SignIn@352c1b98]" started-at="2020-10-05T08:42:29 IST" name="signIn" data-provider="readData" finished-at="2020-10-05T08:42:31 IST" duration-ms="2500" status="PASS">
          <params>
            <param index="0">
              <value>
                <![CDATA[dev]]>
              </value>
            </param>
            <param index="1">
              <value>
                <![CDATA[Dev@13]]>
              </value>
            </param>
          </params>
          <reporter-output>
          </reporter-output>
        </test-method> <!-- signIn -->
        <test-method is-config="true" signature="afterTest()[pri:0, instance:com.atmecs.demo_blazesite.tests.SignIn@352c1b98]" started-at="2020-10-05T08:42:31 IST" name="afterTest" finished-at="2020-10-05T08:42:35 IST" duration-ms="4332" status="PASS">
          <reporter-output>
          </reporter-output>
        </test-method> <!-- afterTest -->
        <test-method is-config="true" signature="beforeTest()[pri:0, instance:com.atmecs.demo_blazesite.tests.SignIn@352c1b98]" started-at="2020-10-05T08:42:35 IST" name="beforeTest" finished-at="2020-10-05T08:42:43 IST" duration-ms="7729" status="PASS">
          <reporter-output>
          </reporter-output>
        </test-method> <!-- beforeTest -->
        <test-method signature="signIn(java.lang.String, java.lang.String)[pri:0, instance:com.atmecs.demo_blazesite.tests.SignIn@352c1b98]" started-at="2020-10-05T08:42:43 IST" name="signIn" data-provider="readData" finished-at="2020-10-05T08:42:45 IST" duration-ms="1899" status="PASS">
          <params>
            <param index="0">
              <value>
                <![CDATA[swg]]>
              </value>
            </param>
            <param index="1">
              <value>
                <![CDATA[swg@12]]>
              </value>
            </param>
          </params>
          <reporter-output>
          </reporter-output>
        </test-method> <!-- signIn -->
        <test-method is-config="true" signature="afterTest()[pri:0, instance:com.atmecs.demo_blazesite.tests.SignIn@352c1b98]" started-at="2020-10-05T08:42:45 IST" name="afterTest" finished-at="2020-10-05T08:42:49 IST" duration-ms="4326" status="PASS">
          <reporter-output>
          </reporter-output>
        </test-method> <!-- afterTest -->
        <test-method is-config="true" signature="beforeTest()[pri:0, instance:com.atmecs.demo_blazesite.tests.SignIn@352c1b98]" started-at="2020-10-05T08:42:49 IST" name="beforeTest" finished-at="2020-10-05T08:42:57 IST" duration-ms="7755" status="PASS">
          <reporter-output>
          </reporter-output>
        </test-method> <!-- beforeTest -->
        <test-method signature="signIn(java.lang.String, java.lang.String)[pri:0, instance:com.atmecs.demo_blazesite.tests.SignIn@352c1b98]" started-at="2020-10-05T08:42:57 IST" name="signIn" data-provider="readData" finished-at="2020-10-05T08:42:59 IST" duration-ms="1422" status="PASS">
          <params>
            <param index="0">
              <value>
                <![CDATA[dev]]>
              </value>
            </param>
            <param index="1">
              <value>
                <![CDATA[Dev@14]]>
              </value>
            </param>
          </params>
          <reporter-output>
          </reporter-output>
        </test-method> <!-- signIn -->
        <test-method is-config="true" signature="afterTest()[pri:0, instance:com.atmecs.demo_blazesite.tests.SignIn@352c1b98]" started-at="2020-10-05T08:42:59 IST" name="afterTest" finished-at="2020-10-05T08:43:03 IST" duration-ms="4323" status="PASS">
          <reporter-output>
          </reporter-output>
        </test-method> <!-- afterTest -->
      </class> <!-- com.atmecs.demo_blazesite.tests.SignIn -->
      <class name="com.atmecs.demo_blazesite.tests.AddProduct">
        <test-method is-config="true" signature="beforeTest()[pri:0, instance:com.atmecs.demo_blazesite.tests.AddProduct@53251a66]" started-at="2020-10-05T08:40:27 IST" name="beforeTest" finished-at="2020-10-05T08:40:40 IST" duration-ms="13219" status="PASS">
          <reporter-output>
          </reporter-output>
        </test-method> <!-- beforeTest -->
        <test-method signature="addProduct()[pri:0, instance:com.atmecs.demo_blazesite.tests.AddProduct@53251a66]" started-at="2020-10-05T08:40:40 IST" name="addProduct" finished-at="2020-10-05T08:40:45 IST" duration-ms="4786" status="PASS">
          <reporter-output>
          </reporter-output>
        </test-method> <!-- addProduct -->
        <test-method is-config="true" signature="afterTest()[pri:0, instance:com.atmecs.demo_blazesite.tests.AddProduct@53251a66]" started-at="2020-10-05T08:40:45 IST" name="afterTest" finished-at="2020-10-05T08:40:49 IST" duration-ms="4330" status="PASS">
          <reporter-output>
          </reporter-output>
        </test-method> <!-- afterTest -->
      </class> <!-- com.atmecs.demo_blazesite.tests.AddProduct -->
    </test> <!-- Test -->
  </suite> <!-- Suite -->
</testng-results>
