<?xml version="1.0" encoding="UTF-8"?>
<testng-results ignored="0" total="5" passed="5" failed="0" skipped="0">
  <reporter-output>
  </reporter-output>
  <suite started-at="2020-10-01T16:22:22 IST" name="Default suite" finished-at="2020-10-01T16:23:10 IST" duration-ms="48151">
    <groups>
    </groups>
    <test started-at="2020-10-01T16:22:22 IST" name="Default test" finished-at="2020-10-01T16:23:10 IST" duration-ms="48151">
      <class name="com.atmecs.demo_blazesite.tests.Login">
        <test-method is-config="true" signature="beforeTest()[pri:0, instance:com.atmecs.demo_blazesite.tests.Login@3370f42]" started-at="2020-10-01T16:22:23 IST" name="beforeTest" finished-at="2020-10-01T16:22:31 IST" duration-ms="8604" status="PASS">
          <reporter-output>
          </reporter-output>
        </test-method> <!-- beforeTest -->
        <test-method signature="logIn(java.lang.String, java.lang.String)[pri:0, instance:com.atmecs.demo_blazesite.tests.Login@3370f42]" started-at="2020-10-01T16:22:31 IST" name="logIn" data-provider="readData" finished-at="2020-10-01T16:22:32 IST" duration-ms="456" status="PASS">
          <params>
            <param index="0">
              <value>
                <![CDATA[dev]]>
              </value>
            </param>
            <param index="1">
              <value>
                <![CDATA[Dev@12]]>
              </value>
            </param>
          </params>
          <reporter-output>
          </reporter-output>
        </test-method> <!-- logIn -->
        <test-method is-config="true" signature="afterTest()[pri:0, instance:com.atmecs.demo_blazesite.tests.Login@3370f42]" started-at="2020-10-01T16:22:32 IST" name="afterTest" finished-at="2020-10-01T16:22:32 IST" duration-ms="331" status="PASS">
          <reporter-output>
          </reporter-output>
        </test-method> <!-- afterTest -->
        <test-method is-config="true" signature="beforeTest()[pri:0, instance:com.atmecs.demo_blazesite.tests.Login@3370f42]" started-at="2020-10-01T16:22:32 IST" name="beforeTest" finished-at="2020-10-01T16:22:39 IST" duration-ms="6659" status="PASS">
          <reporter-output>
          </reporter-output>
        </test-method> <!-- beforeTest -->
        <test-method signature="logIn(java.lang.String, java.lang.String)[pri:0, instance:com.atmecs.demo_blazesite.tests.Login@3370f42]" started-at="2020-10-01T16:22:39 IST" name="logIn" data-provider="readData" finished-at="2020-10-01T16:22:39 IST" duration-ms="424" status="PASS">
          <params>
            <param index="0">
              <value>
                <![CDATA[swg]]>
              </value>
            </param>
            <param index="1">
              <value>
                <![CDATA[swg@11]]>
              </value>
            </param>
          </params>
          <reporter-output>
          </reporter-output>
        </test-method> <!-- logIn -->
        <test-method is-config="true" signature="afterTest()[pri:0, instance:com.atmecs.demo_blazesite.tests.Login@3370f42]" started-at="2020-10-01T16:22:39 IST" name="afterTest" finished-at="2020-10-01T16:22:39 IST" duration-ms="349" status="PASS">
          <reporter-output>
          </reporter-output>
        </test-method> <!-- afterTest -->
        <test-method is-config="true" signature="beforeTest()[pri:0, instance:com.atmecs.demo_blazesite.tests.Login@3370f42]" started-at="2020-10-01T16:22:39 IST" name="beforeTest" finished-at="2020-10-01T16:22:49 IST" duration-ms="9720" status="PASS">
          <reporter-output>
          </reporter-output>
        </test-method> <!-- beforeTest -->
        <test-method signature="logIn(java.lang.String, java.lang.String)[pri:0, instance:com.atmecs.demo_blazesite.tests.Login@3370f42]" started-at="2020-10-01T16:22:49 IST" name="logIn" data-provider="readData" finished-at="2020-10-01T16:22:50 IST" duration-ms="406" status="PASS">
          <params>
            <param index="0">
              <value>
                <![CDATA[dev]]>
              </value>
            </param>
            <param index="1">
              <value>
                <![CDATA[Dev@13]]>
              </value>
            </param>
          </params>
          <reporter-output>
          </reporter-output>
        </test-method> <!-- logIn -->
        <test-method is-config="true" signature="afterTest()[pri:0, instance:com.atmecs.demo_blazesite.tests.Login@3370f42]" started-at="2020-10-01T16:22:50 IST" name="afterTest" finished-at="2020-10-01T16:22:50 IST" duration-ms="207" status="PASS">
          <reporter-output>
          </reporter-output>
        </test-method> <!-- afterTest -->
        <test-method is-config="true" signature="beforeTest()[pri:0, instance:com.atmecs.demo_blazesite.tests.Login@3370f42]" started-at="2020-10-01T16:22:50 IST" name="beforeTest" finished-at="2020-10-01T16:22:59 IST" duration-ms="9323" status="PASS">
          <reporter-output>
          </reporter-output>
        </test-method> <!-- beforeTest -->
        <test-method signature="logIn(java.lang.String, java.lang.String)[pri:0, instance:com.atmecs.demo_blazesite.tests.Login@3370f42]" started-at="2020-10-01T16:22:59 IST" name="logIn" data-provider="readData" finished-at="2020-10-01T16:23:00 IST" duration-ms="566" status="PASS">
          <params>
            <param index="0">
              <value>
                <![CDATA[swg]]>
              </value>
            </param>
            <param index="1">
              <value>
                <![CDATA[swg@12]]>
              </value>
            </param>
          </params>
          <reporter-output>
          </reporter-output>
        </test-method> <!-- logIn -->
        <test-method is-config="true" signature="afterTest()[pri:0, instance:com.atmecs.demo_blazesite.tests.Login@3370f42]" started-at="2020-10-01T16:23:00 IST" name="afterTest" finished-at="2020-10-01T16:23:00 IST" duration-ms="263" status="PASS">
          <reporter-output>
          </reporter-output>
        </test-method> <!-- afterTest -->
        <test-method is-config="true" signature="beforeTest()[pri:0, instance:com.atmecs.demo_blazesite.tests.Login@3370f42]" started-at="2020-10-01T16:23:00 IST" name="beforeTest" finished-at="2020-10-01T16:23:09 IST" duration-ms="9084" status="PASS">
          <reporter-output>
          </reporter-output>
        </test-method> <!-- beforeTest -->
        <test-method signature="logIn(java.lang.String, java.lang.String)[pri:0, instance:com.atmecs.demo_blazesite.tests.Login@3370f42]" started-at="2020-10-01T16:23:09 IST" name="logIn" data-provider="readData" finished-at="2020-10-01T16:23:10 IST" duration-ms="495" status="PASS">
          <params>
            <param index="0">
              <value>
                <![CDATA[dev]]>
              </value>
            </param>
            <param index="1">
              <value>
                <![CDATA[Dev@14]]>
              </value>
            </param>
          </params>
          <reporter-output>
          </reporter-output>
        </test-method> <!-- logIn -->
        <test-method is-config="true" signature="afterTest()[pri:0, instance:com.atmecs.demo_blazesite.tests.Login@3370f42]" started-at="2020-10-01T16:23:10 IST" name="afterTest" finished-at="2020-10-01T16:23:10 IST" duration-ms="296" status="PASS">
          <reporter-output>
          </reporter-output>
        </test-method> <!-- afterTest -->
      </class> <!-- com.atmecs.demo_blazesite.tests.Login -->
    </test> <!-- Default test -->
  </suite> <!-- Default suite -->
</testng-results>
